Added file E:\hh\workspace\autotesting\build.xml
Buildfile: E:\hh\workspace\autotesting\build.xml

-check-env:
 [checkenv] Android SDK Tools Revision 21.1.0
 [checkenv] Installed at E:\hh\software\adt-bundle-windows-x86_64_20140101\sdk

-build-setup:
     [echo] Resolving Build Target for test...
[getuitarget] Project Target:   Android 4.3
[getuitarget] API level:        18
     [echo] ----------
     [echo] Creating output directories if needed...
    [mkdir] Created dir: E:\hh\workspace\autotesting\bin\classes

-pre-compile:

compile:
    [javac] Compiling 4 source files to E:\hh\workspace\autotesting\bin\classes
    [javac] 警告: [options] 源值1.5已过时, 将在未来所有发行版中删除
    [javac] 警告: [options] 目标值1.5已过时, 将在未来所有发行版中删除
    [javac] 警告: [options] 要隐藏有关已过时选项的警告, 请使用 -Xlint:-options。
    [javac] 3 个警告

-post-compile:

-dex:
      [dex] input: E:\hh\workspace\autotesting\bin\classes
      [dex] Converting compiled files and external libraries into E:\hh\workspace\autotesting\bin\classes.dex...

-post-dex:

-jar:
      [jar] Building jar: E:\hh\workspace\autotesting\bin\test.jar

-post-jar:

build:

BUILD SUCCESSFUL
Total time: 1 second
30 KB/s (5150 bytes in 0.164s)
INSTRUMENTATION_RESULT: shortMsg=java.lang.RuntimeException

INSTRUMENTATION_RESULT: longMsg=Didn't find class "com.ableclassroom.test.testing" on path: DexPathList[[zip file "/system/framework/android.test.runner.jar", zip file "/system/framework/uiautomator.jar", zip file "/data/local/tmp/test.jar"],nativeLibraryDirectories=[/system/lib]]

INSTRUMENTATION_CODE: 0

Updated file E:\hh\workspace\autotesting\build.xml
Buildfile: E:\hh\workspace\autotesting\build.xml

-check-env:
 [checkenv] Android SDK Tools Revision 21.1.0
 [checkenv] Installed at E:\hh\software\adt-bundle-windows-x86_64_20140101\sdk

-build-setup:
     [echo] Resolving Build Target for test...
[getuitarget] Project Target:   Android 4.3
[getuitarget] API level:        18
     [echo] ----------
     [echo] Creating output directories if needed...

-pre-compile:

compile:

-post-compile:

-dex:
      [dex] input: E:\hh\workspace\autotesting\bin\classes
      [dex] Found Deleted Target File
      [dex] Converting compiled files and external libraries into E:\hh\workspace\autotesting\bin\classes.dex...

-post-dex:

-jar:
      [jar] Building jar: E:\hh\workspace\autotesting\bin\test.jar

-post-jar:

build:

BUILD SUCCESSFUL
Total time: 1 second
31 KB/s (5150 bytes in 0.159s)
INSTRUMENTATION_RESULT: shortMsg=java.lang.RuntimeException

INSTRUMENTATION_RESULT: longMsg=Didn't find class "com.ableclassroom.test.testing" on path: DexPathList[[zip file "/system/framework/android.test.runner.jar", zip file "/system/framework/uiautomator.jar", zip file "/data/local/tmp/test.jar"],nativeLibraryDirectories=[/system/lib]]

INSTRUMENTATION_CODE: 0

Updated file E:\hh\workspace\autotesting\build.xml
Buildfile: E:\hh\workspace\autotesting\build.xml

-check-env:
 [checkenv] Android SDK Tools Revision 21.1.0
 [checkenv] Installed at E:\hh\software\adt-bundle-windows-x86_64_20140101\sdk

-build-setup:
     [echo] Resolving Build Target for test...
[getuitarget] Project Target:   Android 4.3
[getuitarget] API level:        18
     [echo] ----------
     [echo] Creating output directories if needed...

-pre-compile:

compile:
    [javac] Compiling 2 source files to E:\hh\workspace\autotesting\bin\classes
    [javac] 警告: [options] 源值1.5已过时, 将在未来所有发行版中删除
    [javac] 警告: [options] 目标值1.5已过时, 将在未来所有发行版中删除
    [javac] 警告: [options] 要隐藏有关已过时选项的警告, 请使用 -Xlint:-options。
    [javac] 3 个警告

-post-compile:

-dex:
      [dex] input: E:\hh\workspace\autotesting\bin\classes
      [dex] Found Deleted Target File
      [dex] Converting compiled files and external libraries into E:\hh\workspace\autotesting\bin\classes.dex...

-post-dex:

-jar:
      [jar] Building jar: E:\hh\workspace\autotesting\bin\test.jar

-post-jar:

build:

BUILD SUCCESSFUL
Total time: 1 second
30 KB/s (5168 bytes in 0.163s)
INSTRUMENTATION_RESULT: shortMsg=java.lang.RuntimeException

INSTRUMENTATION_RESULT: longMsg=Didn't find class "com.ableclassroom.test.testing" on path: DexPathList[[zip file "/system/framework/android.test.runner.jar", zip file "/system/framework/uiautomator.jar", zip file "/data/local/tmp/test.jar"],nativeLibraryDirectories=[/system/lib]]

INSTRUMENTATION_CODE: 0

Updated file E:\hh\workspace\autotesting\build.xml
Buildfile: E:\hh\workspace\autotesting\build.xml

-check-env:
 [checkenv] Android SDK Tools Revision 21.1.0
 [checkenv] Installed at E:\hh\software\adt-bundle-windows-x86_64_20140101\sdk

-build-setup:
     [echo] Resolving Build Target for test...
[getuitarget] Project Target:   Android 4.3
[getuitarget] API level:        18
     [echo] ----------
     [echo] Creating output directories if needed...

-pre-compile:

compile:
    [javac] Compiling 1 source file to E:\hh\workspace\autotesting\bin\classes
    [javac] 警告: [options] 源值1.5已过时, 将在未来所有发行版中删除
    [javac] 警告: [options] 目标值1.5已过时, 将在未来所有发行版中删除
    [javac] 警告: [options] 要隐藏有关已过时选项的警告, 请使用 -Xlint:-options。
    [javac] 3 个警告

-post-compile:

-dex:
      [dex] input: E:\hh\workspace\autotesting\bin\classes
      [dex] Found Deleted Target File
      [dex] Converting compiled files and external libraries into E:\hh\workspace\autotesting\bin\classes.dex...

-post-dex:

-jar:
      [jar] Building jar: E:\hh\workspace\autotesting\bin\test.jar

-post-jar:

build:

BUILD SUCCESSFUL
Total time: 1 second
77 KB/s (5169 bytes in 0.065s)
INSTRUMENTATION_STATUS: current=1

INSTRUMENTATION_STATUS: id=UiAutomatorTestRunner

INSTRUMENTATION_STATUS: class=com.onlineschool.test.testing

INSTRUMENTATION_STATUS: stream=

com.onlineschool.test.testing:

INSTRUMENTATION_STATUS: numtests=1

INSTRUMENTATION_STATUS: test=testpresshome

INSTRUMENTATION_STATUS_CODE: 1

2222222222

INSTRUMENTATION_STATUS: current=1

INSTRUMENTATION_STATUS: id=UiAutomatorTestRunner

INSTRUMENTATION_STATUS: class=com.onlineschool.test.testing

INSTRUMENTATION_STATUS: stream=.

INSTRUMENTATION_STATUS: numtests=1

INSTRUMENTATION_STATUS: test=testpresshome

INSTRUMENTATION_STATUS_CODE: 0

INSTRUMENTATION_STATUS: stream=

Test results for WatcherResultPrinter=.

Time: 0.127



OK (1 test)





INSTRUMENTATION_STATUS_CODE: -1

Updated file E:\hh\workspace\autotesting\build.xml
Buildfile: E:\hh\workspace\autotesting\build.xml

-check-env:
 [checkenv] Android SDK Tools Revision 21.1.0
 [checkenv] Installed at E:\hh\software\adt-bundle-windows-x86_64_20140101\sdk

-build-setup:
     [echo] Resolving Build Target for test...
[getuitarget] Project Target:   Android 4.3
[getuitarget] API level:        18
     [echo] ----------
     [echo] Creating output directories if needed...

-pre-compile:

compile:
    [javac] Compiling 1 source file to E:\hh\workspace\autotesting\bin\classes
    [javac] 警告: [options] 源值1.5已过时, 将在未来所有发行版中删除
    [javac] 警告: [options] 目标值1.5已过时, 将在未来所有发行版中删除
    [javac] 警告: [options] 要隐藏有关已过时选项的警告, 请使用 -Xlint:-options。
    [javac] 3 个警告

-post-compile:

-dex:
      [dex] input: E:\hh\workspace\autotesting\bin\classes
      [dex] Found Deleted Target File
      [dex] Converting compiled files and external libraries into E:\hh\workspace\autotesting\bin\classes.dex...

-post-dex:

-jar:
      [jar] Building jar: E:\hh\workspace\autotesting\bin\test.jar

-post-jar:

build:

BUILD SUCCESSFUL
Total time: 1 second
29 KB/s (5169 bytes in 0.170s)
INSTRUMENTATION_STATUS: current=1

INSTRUMENTATION_STATUS: id=UiAutomatorTestRunner

INSTRUMENTATION_STATUS: class=com.ableclassroom.test.aaa

INSTRUMENTATION_STATUS: stream=

com.ableclassroom.test.aaa:

INSTRUMENTATION_STATUS: numtests=1

INSTRUMENTATION_STATUS: test=testpress

INSTRUMENTATION_STATUS_CODE: 1

1111111111

INSTRUMENTATION_STATUS: current=1

INSTRUMENTATION_STATUS: id=UiAutomatorTestRunner

INSTRUMENTATION_STATUS: class=com.ableclassroom.test.aaa

INSTRUMENTATION_STATUS: stream=.

INSTRUMENTATION_STATUS: numtests=1

INSTRUMENTATION_STATUS: test=testpress

INSTRUMENTATION_STATUS_CODE: 0

INSTRUMENTATION_STATUS: stream=

Test results for WatcherResultPrinter=.

Time: 0.135



OK (1 test)





INSTRUMENTATION_STATUS_CODE: -1

Updated file E:\hh\workspace\autotesting\build.xml
Buildfile: E:\hh\workspace\autotesting\build.xml

-check-env:
 [checkenv] Android SDK Tools Revision 21.1.0
 [checkenv] Installed at E:\hh\software\adt-bundle-windows-x86_64_20140101\sdk

-build-setup:
     [echo] Resolving Build Target for test...
[getuitarget] Project Target:   Android 4.3
[getuitarget] API level:        18
     [echo] ----------
     [echo] Creating output directories if needed...

-pre-compile:

compile:
    [javac] Compiling 5 source files to E:\hh\workspace\autotesting\bin\classes
    [javac] 警告: [options] 源值1.5已过时, 将在未来所有发行版中删除
    [javac] 警告: [options] 目标值1.5已过时, 将在未来所有发行版中删除
    [javac] 警告: [options] 要隐藏有关已过时选项的警告, 请使用 -Xlint:-options。
    [javac] 3 个警告

-post-compile:

-dex:
      [dex] input: E:\hh\workspace\autotesting\bin\classes
      [dex] Found Deleted Target File
      [dex] Converting compiled files and external libraries into E:\hh\workspace\autotesting\bin\classes.dex...

-post-dex:

-jar:
      [jar] Building jar: E:\hh\workspace\autotesting\bin\test.jar

-post-jar:

build:

BUILD SUCCESSFUL
Total time: 1 second
31 KB/s (5293 bytes in 0.162s)
INSTRUMENTATION_RESULT: shortMsg=java.lang.RuntimeException

INSTRUMENTATION_RESULT: longMsg=Didn't find class "com.onlineschool.test.*" on path: DexPathList[[zip file "/system/framework/android.test.runner.jar", zip file "/system/framework/uiautomator.jar", zip file "/data/local/tmp/test.jar"],nativeLibraryDirectories=[/system/lib]]

INSTRUMENTATION_CODE: 0

Updated file E:\hh\workspace\autotesting\build.xml
Buildfile: E:\hh\workspace\autotesting\build.xml

-check-env:
 [checkenv] Android SDK Tools Revision 21.1.0
 [checkenv] Installed at E:\hh\software\adt-bundle-windows-x86_64_20140101\sdk

-build-setup:
     [echo] Resolving Build Target for test...
[getuitarget] Project Target:   Android 4.3
[getuitarget] API level:        18
     [echo] ----------
     [echo] Creating output directories if needed...

-pre-compile:

compile:
    [javac] Compiling 1 source file to E:\hh\workspace\autotesting\bin\classes
    [javac] 警告: [options] 源值1.5已过时, 将在未来所有发行版中删除
    [javac] 警告: [options] 目标值1.5已过时, 将在未来所有发行版中删除
    [javac] 警告: [options] 要隐藏有关已过时选项的警告, 请使用 -Xlint:-options。
    [javac] 3 个警告

-post-compile:

-dex:
      [dex] input: E:\hh\workspace\autotesting\bin\classes
      [dex] Found Deleted Target File
      [dex] Converting compiled files and external libraries into E:\hh\workspace\autotesting\bin\classes.dex...

-post-dex:

-jar:
      [jar] Building jar: E:\hh\workspace\autotesting\bin\test.jar

-post-jar:

build:

BUILD SUCCESSFUL
Total time: 1 second
30 KB/s (5297 bytes in 0.169s)
INSTRUMENTATION_STATUS: current=1

INSTRUMENTATION_STATUS: id=UiAutomatorTestRunner

INSTRUMENTATION_STATUS: class=com.onlineschool.test.login

INSTRUMENTATION_STATUS: stream=

com.onlineschool.test.login:

INSTRUMENTATION_STATUS: numtests=1

INSTRUMENTATION_STATUS: test=testpresshome

INSTRUMENTATION_STATUS_CODE: 1

2222222222

INSTRUMENTATION_STATUS: current=1

INSTRUMENTATION_STATUS: id=UiAutomatorTestRunner

INSTRUMENTATION_STATUS: class=com.onlineschool.test.login

INSTRUMENTATION_STATUS: stream=.

INSTRUMENTATION_STATUS: numtests=1

INSTRUMENTATION_STATUS: test=testpresshome

INSTRUMENTATION_STATUS_CODE: 0

INSTRUMENTATION_STATUS: stream=

Test results for WatcherResultPrinter=.

Time: 0.141



OK (1 test)





INSTRUMENTATION_STATUS_CODE: -1

Updated file E:\hh\workspace\autotesting\build.xml
Buildfile: E:\hh\workspace\autotesting\build.xml

-check-env:
 [checkenv] Android SDK Tools Revision 21.1.0
 [checkenv] Installed at E:\hh\software\adt-bundle-windows-x86_64_20140101\sdk

-build-setup:
     [echo] Resolving Build Target for test...
[getuitarget] Project Target:   Android 4.3
[getuitarget] API level:        18
     [echo] ----------
     [echo] Creating output directories if needed...

-pre-compile:

compile:
    [javac] Compiling 4 source files to E:\hh\workspace\autotesting\bin\classes
    [javac] 警告: [options] 源值1.5已过时, 将在未来所有发行版中删除
    [javac] 警告: [options] 目标值1.5已过时, 将在未来所有发行版中删除
    [javac] 警告: [options] 要隐藏有关已过时选项的警告, 请使用 -Xlint:-options。
    [javac] E:\hh\workspace\autotesting\src\com\app\test\testing.java:10: 警告: 编码UTF-8的不可映射字符
    [javac] 		// ??????У????
    [javac] 		   ^
    [javac] E:\hh\workspace\autotesting\src\com\app\test\testing.java:10: 警告: 编码UTF-8的不可映射字符
    [javac] 		// ??????У????
    [javac] 		    ^
    [javac] E:\hh\workspace\autotesting\src\com\app\test\testing.java:10: 警告: 编码UTF-8的不可映射字符
    [javac] 		// ??????У????
    [javac] 		     ^
    [javac] E:\hh\workspace\autotesting\src\com\app\test\testing.java:10: 警告: 编码UTF-8的不可映射字符
    [javac] 		// ??????У????
    [javac] 		      ^
    [javac] E:\hh\workspace\autotesting\src\com\app\test\testing.java:10: 警告: 编码UTF-8的不可映射字符
    [javac] 		// ??????У????
    [javac] 		       ^
    [javac] E:\hh\workspace\autotesting\src\com\app\test\testing.java:10: 警告: 编码UTF-8的不可映射字符
    [javac] 		// ??????У????
    [javac] 		        ^
    [javac] E:\hh\workspace\autotesting\src\com\app\test\testing.java:10: 警告: 编码UTF-8的不可映射字符
    [javac] 		// ??????У????
    [javac] 		          ^
    [javac] E:\hh\workspace\autotesting\src\com\app\test\testing.java:10: 警告: 编码UTF-8的不可映射字符
    [javac] 		// ??????У????
    [javac] 		           ^
    [javac] E:\hh\workspace\autotesting\src\com\app\test\testing.java:10: 警告: 编码UTF-8的不可映射字符
    [javac] 		// ??????У????
    [javac] 		            ^
    [javac] E:\hh\workspace\autotesting\src\com\app\test\testing.java:10: 警告: 编码UTF-8的不可映射字符
    [javac] 		// ??????У????
    [javac] 		             ^
    [javac] E:\hh\workspace\autotesting\src\com\app\test\testing.java:12: 警告: 编码UTF-8的不可映射字符
    [javac] 		// ????????????
    [javac] 		   ^
    [javac] E:\hh\workspace\autotesting\src\com\app\test\testing.java:12: 警告: 编码UTF-8的不可映射字符
    [javac] 		// ????????????
    [javac] 		    ^
    [javac] E:\hh\workspace\autotesting\src\com\app\test\testing.java:12: 警告: 编码UTF-8的不可映射字符
    [javac] 		// ????????????
    [javac] 		     ^
    [javac] E:\hh\workspace\autotesting\src\com\app\test\testing.java:12: 警告: 编码UTF-8的不可映射字符
    [javac] 		// ????????????
    [javac] 		      ^
    [javac] E:\hh\workspace\autotesting\src\com\app\test\testing.java:12: 警告: 编码UTF-8的不可映射字符
    [javac] 		// ????????????
    [javac] 		       ^
    [javac] E:\hh\workspace\autotesting\src\com\app\test\testing.java:12: 警告: 编码UTF-8的不可映射字符
    [javac] 		// ????????????
    [javac] 		        ^
    [javac] E:\hh\workspace\autotesting\src\com\app\test\testing.java:12: 警告: 编码UTF-8的不可映射字符
    [javac] 		// ????????????
    [javac] 		         ^
    [javac] E:\hh\workspace\autotesting\src\com\app\test\testing.java:12: 警告: 编码UTF-8的不可映射字符
    [javac] 		// ????????????
    [javac] 		          ^
    [javac] E:\hh\workspace\autotesting\src\com\app\test\testing.java:12: 警告: 编码UTF-8的不可映射字符
    [javac] 		// ????????????
    [javac] 		           ^
    [javac] E:\hh\workspace\autotesting\src\com\app\test\testing.java:12: 警告: 编码UTF-8的不可映射字符
    [javac] 		// ????????????
    [javac] 		            ^
    [javac] E:\hh\workspace\autotesting\src\com\app\test\testing.java:12: 警告: 编码UTF-8的不可映射字符
    [javac] 		// ????????????
    [javac] 		             ^
    [javac] E:\hh\workspace\autotesting\src\com\app\test\testing.java:12: 警告: 编码UTF-8的不可映射字符
    [javac] 		// ????????????
    [javac] 		              ^
    [javac] 25 个警告

-post-compile:

-dex:
      [dex] input: E:\hh\workspace\autotesting\bin\classes
      [dex] Found Deleted Target File
      [dex] Converting compiled files and external libraries into E:\hh\workspace\autotesting\bin\classes.dex...

-post-dex:

-jar:
      [jar] Building jar: E:\hh\workspace\autotesting\bin\test.jar

-post-jar:

build:

BUILD SUCCESSFUL
Total time: 1 second
error: device not found
error: device not found
Updated file E:\hh\workspace\nengliketang\build.xml
Buildfile: E:\hh\workspace\nengliketang\build.xml

-check-env:
 [checkenv] Android SDK Tools Revision 21.1.0
 [checkenv] Installed at E:\hh\software\adt-bundle-windows-x86_64_20140101\sdk

-build-setup:
     [echo] Resolving Build Target for test...
[getuitarget] Project Target:   Android 4.3
[getuitarget] API level:        18
     [echo] ----------
     [echo] Creating output directories if needed...
    [mkdir] Created dir: E:\hh\workspace\nengliketang\bin\classes

-pre-compile:

compile:
    [javac] Compiling 3 source files to E:\hh\workspace\nengliketang\bin\classes
    [javac] 警告: [options] 源值1.5已过时, 将在未来所有发行版中删除
    [javac] 警告: [options] 目标值1.5已过时, 将在未来所有发行版中删除
    [javac] 警告: [options] 要隐藏有关已过时选项的警告, 请使用 -Xlint:-options。
    [javac] E:\hh\workspace\nengliketang\src\com\app\test\testing.java:10: 警告: 编码UTF-8的不可映射字符
    [javac] 		// ????????????
    [javac] 		   ^
    [javac] E:\hh\workspace\nengliketang\src\com\app\test\testing.java:10: 警告: 编码UTF-8的不可映射字符
    [javac] 		// ????????????
    [javac] 		    ^
    [javac] E:\hh\workspace\nengliketang\src\com\app\test\testing.java:10: 警告: 编码UTF-8的不可映射字符
    [javac] 		// ????????????
    [javac] 		     ^
    [javac] E:\hh\workspace\nengliketang\src\com\app\test\testing.java:10: 警告: 编码UTF-8的不可映射字符
    [javac] 		// ????????????
    [javac] 		      ^
    [javac] E:\hh\workspace\nengliketang\src\com\app\test\testing.java:10: 警告: 编码UTF-8的不可映射字符
    [javac] 		// ????????????
    [javac] 		       ^
    [javac] E:\hh\workspace\nengliketang\src\com\app\test\testing.java:10: 警告: 编码UTF-8的不可映射字符
    [javac] 		// ????????????
    [javac] 		        ^
    [javac] E:\hh\workspace\nengliketang\src\com\app\test\testing.java:10: 警告: 编码UTF-8的不可映射字符
    [javac] 		// ????????????
    [javac] 		         ^
    [javac] E:\hh\workspace\nengliketang\src\com\app\test\testing.java:10: 警告: 编码UTF-8的不可映射字符
    [javac] 		// ????????????
    [javac] 		          ^
    [javac] E:\hh\workspace\nengliketang\src\com\app\test\testing.java:10: 警告: 编码UTF-8的不可映射字符
    [javac] 		// ????????????
    [javac] 		           ^
    [javac] E:\hh\workspace\nengliketang\src\com\app\test\testing.java:10: 警告: 编码UTF-8的不可映射字符
    [javac] 		// ????????????
    [javac] 		            ^
    [javac] E:\hh\workspace\nengliketang\src\com\app\test\testing.java:10: 警告: 编码UTF-8的不可映射字符
    [javac] 		// ????????????
    [javac] 		             ^
    [javac] E:\hh\workspace\nengliketang\src\com\app\test\testing.java:10: 警告: 编码UTF-8的不可映射字符
    [javac] 		// ????????????
    [javac] 		              ^
    [javac] 15 个警告

-post-compile:

-dex:
      [dex] input: E:\hh\workspace\nengliketang\bin\classes
      [dex] Converting compiled files and external libraries into E:\hh\workspace\nengliketang\bin\classes.dex...

-post-dex:

-jar:
      [jar] Building jar: E:\hh\workspace\nengliketang\bin\test.jar

-post-jar:

build:

BUILD SUCCESSFUL
Total time: 3 seconds
* daemon not running. starting it now on port 5037 *
* daemon started successfully *
error: device not found
error: device not found
Updated file E:\hh\workspace\nengliketang\build.xml
Buildfile: E:\hh\workspace\nengliketang\build.xml

-check-env:
 [checkenv] Android SDK Tools Revision 21.1.0
 [checkenv] Installed at E:\hh\software\adt-bundle-windows-x86_64_20140101\sdk

-build-setup:
     [echo] Resolving Build Target for test...
[getuitarget] Project Target:   Android 4.3
[getuitarget] API level:        18
     [echo] ----------
     [echo] Creating output directories if needed...

-pre-compile:

compile:
    [javac] Compiling 3 source files to E:\hh\workspace\nengliketang\bin\classes
    [javac] 警告: [options] 源值1.5已过时, 将在未来所有发行版中删除
    [javac] 警告: [options] 目标值1.5已过时, 将在未来所有发行版中删除
    [javac] 警告: [options] 要隐藏有关已过时选项的警告, 请使用 -Xlint:-options。
    [javac] E:\hh\workspace\nengliketang\src\com\app\test\Publicclass.java:12: 警告: 编码UTF-8的不可映射字符
    [javac] 	//????????????????????????????????κβ?????????????????????????
    [javac] 	  ^
    [javac] E:\hh\workspace\nengliketang\src\com\app\test\Publicclass.java:12: 警告: 编码UTF-8的不可映射字符
    [javac] 	//????????????????????????????????κβ?????????????????????????
    [javac] 	   ^
    [javac] E:\hh\workspace\nengliketang\src\com\app\test\Publicclass.java:12: 警告: 编码UTF-8的不可映射字符
    [javac] 	//????????????????????????????????κβ?????????????????????????
    [javac] 	    ^
    [javac] E:\hh\workspace\nengliketang\src\com\app\test\Publicclass.java:12: 警告: 编码UTF-8的不可映射字符
    [javac] 	//????????????????????????????????κβ?????????????????????????
    [javac] 	     ^
    [javac] E:\hh\workspace\nengliketang\src\com\app\test\Publicclass.java:12: 警告: 编码UTF-8的不可映射字符
    [javac] 	//????????????????????????????????κβ?????????????????????????
    [javac] 	      ^
    [javac] E:\hh\workspace\nengliketang\src\com\app\test\Publicclass.java:12: 警告: 编码UTF-8的不可映射字符
    [javac] 	//????????????????????????????????κβ?????????????????????????
    [javac] 	        ^
    [javac] E:\hh\workspace\nengliketang\src\com\app\test\Publicclass.java:12: 警告: 编码UTF-8的不可映射字符
    [javac] 	//????????????????????????????????κβ?????????????????????????
    [javac] 	         ^
    [javac] E:\hh\workspace\nengliketang\src\com\app\test\Publicclass.java:12: 警告: 编码UTF-8的不可映射字符
    [javac] 	//????????????????????????????????κβ?????????????????????????
    [javac] 	          ^
    [javac] E:\hh\workspace\nengliketang\src\com\app\test\Publicclass.java:12: 警告: 编码UTF-8的不可映射字符
    [javac] 	//????????????????????????????????κβ?????????????????????????
    [javac] 	            ^
    [javac] E:\hh\workspace\nengliketang\src\com\app\test\Publicclass.java:12: 警告: 编码UTF-8的不可映射字符
    [javac] 	//????????????????????????????????κβ?????????????????????????
    [javac] 	             ^
    [javac] E:\hh\workspace\nengliketang\src\com\app\test\Publicclass.java:12: 警告: 编码UTF-8的不可映射字符
    [javac] 	//????????????????????????????????κβ?????????????????????????
    [javac] 	              ^
    [javac] E:\hh\workspace\nengliketang\src\com\app\test\Publicclass.java:12: 警告: 编码UTF-8的不可映射字符
    [javac] 	//????????????????????????????????κβ?????????????????????????
    [javac] 	               ^
    [javac] E:\hh\workspace\nengliketang\src\com\app\test\Publicclass.java:12: 警告: 编码UTF-8的不可映射字符
    [javac] 	//????????????????????????????????κβ?????????????????????????
    [javac] 	                ^
    [javac] E:\hh\workspace\nengliketang\src\com\app\test\Publicclass.java:12: 警告: 编码UTF-8的不可映射字符
    [javac] 	//????????????????????????????????κβ?????????????????????????
    [javac] 	                  ^
    [javac] E:\hh\workspace\nengliketang\src\com\app\test\Publicclass.java:12: 警告: 编码UTF-8的不可映射字符
    [javac] 	//????????????????????????????????κβ?????????????????????????
    [javac] 	                   ^
    [javac] E:\hh\workspace\nengliketang\src\com\app\test\Publicclass.java:12: 警告: 编码UTF-8的不可映射字符
    [javac] 	//????????????????????????????????κβ?????????????????????????
    [javac] 	                    ^
    [javac] E:\hh\workspace\nengliketang\src\com\app\test\Publicclass.java:12: 警告: 编码UTF-8的不可映射字符
    [javac] 	//????????????????????????????????κβ?????????????????????????
    [javac] 	                     ^
    [javac] E:\hh\workspace\nengliketang\src\com\app\test\Publicclass.java:12: 警告: 编码UTF-8的不可映射字符
    [javac] 	//????????????????????????????????κβ?????????????????????????
    [javac] 	                       ^
    [javac] E:\hh\workspace\nengliketang\src\com\app\test\Publicclass.java:12: 警告: 编码UTF-8的不可映射字符
    [javac] 	//????????????????????????????????κβ?????????????????????????
    [javac] 	                        ^
    [javac] E:\hh\workspace\nengliketang\src\com\app\test\Publicclass.java:12: 警告: 编码UTF-8的不可映射字符
    [javac] 	//????????????????????????????????κβ?????????????????????????
    [javac] 	                         ^
    [javac] E:\hh\workspace\nengliketang\src\com\app\test\Publicclass.java:12: 警告: 编码UTF-8的不可映射字符
    [javac] 	//????????????????????????????????κβ?????????????????????????
    [javac] 	                             ^
    [javac] E:\hh\workspace\nengliketang\src\com\app\test\Publicclass.java:12: 警告: 编码UTF-8的不可映射字符
    [javac] 	//????????????????????????????????κβ?????????????????????????
    [javac] 	                              ^
    [javac] E:\hh\workspace\nengliketang\src\com\app\test\Publicclass.java:12: 警告: 编码UTF-8的不可映射字符
    [javac] 	//????????????????????????????????κβ?????????????????????????
    [javac] 	                               ^
    [javac] E:\hh\workspace\nengliketang\src\com\app\test\Publicclass.java:12: 警告: 编码UTF-8的不可映射字符
    [javac] 	//????????????????????????????????κβ?????????????????????????
    [javac] 	                                ^
    [javac] E:\hh\workspace\nengliketang\src\com\app\test\Publicclass.java:12: 警告: 编码UTF-8的不可映射字符
    [javac] 	//????????????????????????????????κβ?????????????????????????
    [javac] 	                                 ^
    [javac] E:\hh\workspace\nengliketang\src\com\app\test\Publicclass.java:12: 警告: 编码UTF-8的不可映射字符
    [javac] 	//????????????????????????????????κβ?????????????????????????
    [javac] 	                                    ^
    [javac] E:\hh\workspace\nengliketang\src\com\app\test\Publicclass.java:12: 警告: 编码UTF-8的不可映射字符
    [javac] 	//????????????????????????????????κβ?????????????????????????
    [javac] 	                                     ^
    [javac] E:\hh\workspace\nengliketang\src\com\app\test\Publicclass.java:12: 警告: 编码UTF-8的不可映射字符
    [javac] 	//????????????????????????????????κβ?????????????????????????
    [javac] 	                                      ^
    [javac] E:\hh\workspace\nengliketang\src\com\app\test\Publicclass.java:12: 警告: 编码UTF-8的不可映射字符
    [javac] 	//????????????????????????????????κβ?????????????????????????
    [javac] 	                                       ^
    [javac] E:\hh\workspace\nengliketang\src\com\app\test\Publicclass.java:12: 警告: 编码UTF-8的不可映射字符
    [javac] 	//????????????????????????????????κβ?????????????????????????
    [javac] 	                                        ^
    [javac] E:\hh\workspace\nengliketang\src\com\app\test\Publicclass.java:12: 警告: 编码UTF-8的不可映射字符
    [javac] 	//????????????????????????????????κβ?????????????????????????
    [javac] 	                                         ^
    [javac] E:\hh\workspace\nengliketang\src\com\app\test\Publicclass.java:12: 警告: 编码UTF-8的不可映射字符
    [javac] 	//????????????????????????????????κβ?????????????????????????
    [javac] 	                                          ^
    [javac] E:\hh\workspace\nengliketang\src\com\app\test\Publicclass.java:12: 警告: 编码UTF-8的不可映射字符
    [javac] 	//????????????????????????????????κβ?????????????????????????
    [javac] 	                                           ^
    [javac] E:\hh\workspace\nengliketang\src\com\app\test\Publicclass.java:12: 警告: 编码UTF-8的不可映射字符
    [javac] 	//????????????????????????????????κβ?????????????????????????
    [javac] 	                                             ^
    [javac] E:\hh\workspace\nengliketang\src\com\app\test\Publicclass.java:12: 警告: 编码UTF-8的不可映射字符
    [javac] 	//????????????????????????????????κβ?????????????????????????
    [javac] 	                                              ^
    [javac] E:\hh\workspace\nengliketang\src\com\app\test\Publicclass.java:12: 警告: 编码UTF-8的不可映射字符
    [javac] 	//????????????????????????????????κβ?????????????????????????
    [javac] 	                                               ^
    [javac] E:\hh\workspace\nengliketang\src\com\app\test\Publicclass.java:12: 警告: 编码UTF-8的不可映射字符
    [javac] 	//????????????????????????????????κβ?????????????????????????
    [javac] 	                                                ^
    [javac] E:\hh\workspace\nengliketang\src\com\app\test\Publicclass.java:12: 警告: 编码UTF-8的不可映射字符
    [javac] 	//????????????????????????????????κβ?????????????????????????
    [javac] 	                                                 ^
    [javac] E:\hh\workspace\nengliketang\src\com\app\test\Publicclass.java:12: 警告: 编码UTF-8的不可映射字符
    [javac] 	//????????????????????????????????κβ?????????????????????????
    [javac] 	                                                  ^
    [javac] E:\hh\workspace\nengliketang\src\com\app\test\Publicclass.java:12: 警告: 编码UTF-8的不可映射字符
    [javac] 	//????????????????????????????????κβ?????????????????????????
    [javac] 	                                                   ^
    [javac] E:\hh\workspace\nengliketang\src\com\app\test\Publicclass.java:12: 警告: 编码UTF-8的不可映射字符
    [javac] 	//????????????????????????????????κβ?????????????????????????
    [javac] 	                                                    ^
    [javac] E:\hh\workspace\nengliketang\src\com\app\test\Publicclass.java:12: 警告: 编码UTF-8的不可映射字符
    [javac] 	//????????????????????????????????κβ?????????????????????????
    [javac] 	                                                     ^
    [javac] E:\hh\workspace\nengliketang\src\com\app\test\Publicclass.java:12: 警告: 编码UTF-8的不可映射字符
    [javac] 	//????????????????????????????????κβ?????????????????????????
    [javac] 	                                                         ^
    [javac] E:\hh\workspace\nengliketang\src\com\app\test\Publicclass.java:12: 警告: 编码UTF-8的不可映射字符
    [javac] 	//????????????????????????????????κβ?????????????????????????
    [javac] 	                                                          ^
    [javac] E:\hh\workspace\nengliketang\src\com\app\test\Publicclass.java:12: 警告: 编码UTF-8的不可映射字符
    [javac] 	//????????????????????????????????κβ?????????????????????????
    [javac] 	                                                           ^
    [javac] E:\hh\workspace\nengliketang\src\com\app\test\Publicclass.java:12: 警告: 编码UTF-8的不可映射字符
    [javac] 	//????????????????????????????????κβ?????????????????????????
    [javac] 	                                                            ^
    [javac] E:\hh\workspace\nengliketang\src\com\app\test\Publicclass.java:23: 警告: 编码UTF-8的不可映射字符
    [javac] 	//???????????ж???????????????????????????????????????????
    [javac] 	  ^
    [javac] E:\hh\workspace\nengliketang\src\com\app\test\Publicclass.java:23: 警告: 编码UTF-8的不可映射字符
    [javac] 	//???????????ж???????????????????????????????????????????
    [javac] 	   ^
    [javac] E:\hh\workspace\nengliketang\src\com\app\test\Publicclass.java:23: 警告: 编码UTF-8的不可映射字符
    [javac] 	//???????????ж???????????????????????????????????????????
    [javac] 	    ^
    [javac] E:\hh\workspace\nengliketang\src\com\app\test\Publicclass.java:23: 警告: 编码UTF-8的不可映射字符
    [javac] 	//???????????ж???????????????????????????????????????????
    [javac] 	     ^
    [javac] E:\hh\workspace\nengliketang\src\com\app\test\Publicclass.java:23: 警告: 编码UTF-8的不可映射字符
    [javac] 	//???????????ж???????????????????????????????????????????
    [javac] 	      ^
    [javac] E:\hh\workspace\nengliketang\src\com\app\test\Publicclass.java:23: 警告: 编码UTF-8的不可映射字符
    [javac] 	//???????????ж???????????????????????????????????????????
    [javac] 	       ^
    [javac] E:\hh\workspace\nengliketang\src\com\app\test\Publicclass.java:23: 警告: 编码UTF-8的不可映射字符
    [javac] 	//???????????ж???????????????????????????????????????????
    [javac] 	        ^
    [javac] E:\hh\workspace\nengliketang\src\com\app\test\Publicclass.java:23: 警告: 编码UTF-8的不可映射字符
    [javac] 	//???????????ж???????????????????????????????????????????
    [javac] 	         ^
    [javac] E:\hh\workspace\nengliketang\src\com\app\test\Publicclass.java:23: 警告: 编码UTF-8的不可映射字符
    [javac] 	//???????????ж???????????????????????????????????????????
    [javac] 	          ^
    [javac] E:\hh\workspace\nengliketang\src\com\app\test\Publicclass.java:23: 警告: 编码UTF-8的不可映射字符
    [javac] 	//???????????ж???????????????????????????????????????????
    [javac] 	           ^
    [javac] E:\hh\workspace\nengliketang\src\com\app\test\Publicclass.java:23: 警告: 编码UTF-8的不可映射字符
    [javac] 	//???????????ж???????????????????????????????????????????
    [javac] 	            ^
    [javac] E:\hh\workspace\nengliketang\src\com\app\test\Publicclass.java:23: 警告: 编码UTF-8的不可映射字符
    [javac] 	//???????????ж???????????????????????????????????????????
    [javac] 	              ^
    [javac] E:\hh\workspace\nengliketang\src\com\app\test\Publicclass.java:23: 警告: 编码UTF-8的不可映射字符
    [javac] 	//???????????ж???????????????????????????????????????????
    [javac] 	               ^
    [javac] E:\hh\workspace\nengliketang\src\com\app\test\Publicclass.java:23: 警告: 编码UTF-8的不可映射字符
    [javac] 	//???????????ж???????????????????????????????????????????
    [javac] 	                 ^
    [javac] E:\hh\workspace\nengliketang\src\com\app\test\Publicclass.java:23: 警告: 编码UTF-8的不可映射字符
    [javac] 	//???????????ж???????????????????????????????????????????
    [javac] 	                  ^
    [javac] E:\hh\workspace\nengliketang\src\com\app\test\Publicclass.java:23: 警告: 编码UTF-8的不可映射字符
    [javac] 	//???????????ж???????????????????????????????????????????
    [javac] 	                   ^
    [javac] E:\hh\workspace\nengliketang\src\com\app\test\Publicclass.java:23: 警告: 编码UTF-8的不可映射字符
    [javac] 	//???????????ж???????????????????????????????????????????
    [javac] 	                     ^
    [javac] E:\hh\workspace\nengliketang\src\com\app\test\Publicclass.java:23: 警告: 编码UTF-8的不可映射字符
    [javac] 	//???????????ж???????????????????????????????????????????
    [javac] 	                       ^
    [javac] E:\hh\workspace\nengliketang\src\com\app\test\Publicclass.java:23: 警告: 编码UTF-8的不可映射字符
    [javac] 	//???????????ж???????????????????????????????????????????
    [javac] 	                        ^
    [javac] E:\hh\workspace\nengliketang\src\com\app\test\Publicclass.java:23: 警告: 编码UTF-8的不可映射字符
    [javac] 	//???????????ж???????????????????????????????????????????
    [javac] 	                         ^
    [javac] E:\hh\workspace\nengliketang\src\com\app\test\Publicclass.java:23: 警告: 编码UTF-8的不可映射字符
    [javac] 	//???????????ж???????????????????????????????????????????
    [javac] 	                           ^
    [javac] E:\hh\workspace\nengliketang\src\com\app\test\Publicclass.java:23: 警告: 编码UTF-8的不可映射字符
    [javac] 	//???????????ж???????????????????????????????????????????
    [javac] 	                            ^
    [javac] E:\hh\workspace\nengliketang\src\com\app\test\Publicclass.java:23: 警告: 编码UTF-8的不可映射字符
    [javac] 	//???????????ж???????????????????????????????????????????
    [javac] 	                             ^
    [javac] E:\hh\workspace\nengliketang\src\com\app\test\Publicclass.java:23: 警告: 编码UTF-8的不可映射字符
    [javac] 	//???????????ж???????????????????????????????????????????
    [javac] 	                              ^
    [javac] E:\hh\workspace\nengliketang\src\com\app\test\Publicclass.java:23: 警告: 编码UTF-8的不可映射字符
    [javac] 	//???????????ж???????????????????????????????????????????
    [javac] 	                               ^
    [javac] E:\hh\workspace\nengliketang\src\com\app\test\Publicclass.java:23: 警告: 编码UTF-8的不可映射字符
    [javac] 	//???????????ж???????????????????????????????????????????
    [javac] 	                                ^
    [javac] E:\hh\workspace\nengliketang\src\com\app\test\Publicclass.java:23: 警告: 编码UTF-8的不可映射字符
    [javac] 	//???????????ж???????????????????????????????????????????
    [javac] 	                                  ^
    [javac] E:\hh\workspace\nengliketang\src\com\app\test\Publicclass.java:23: 警告: 编码UTF-8的不可映射字符
    [javac] 	//???????????ж???????????????????????????????????????????
    [javac] 	                                    ^
    [javac] E:\hh\workspace\nengliketang\src\com\app\test\Publicclass.java:23: 警告: 编码UTF-8的不可映射字符
    [javac] 	//???????????ж???????????????????????????????????????????
    [javac] 	                                     ^
    [javac] E:\hh\workspace\nengliketang\src\com\app\test\Publicclass.java:23: 警告: 编码UTF-8的不可映射字符
    [javac] 	//???????????ж???????????????????????????????????????????
    [javac] 	                                      ^
    [javac] E:\hh\workspace\nengliketang\src\com\app\test\Publicclass.java:23: 警告: 编码UTF-8的不可映射字符
    [javac] 	//???????????ж???????????????????????????????????????????
    [javac] 	                                       ^
    [javac] E:\hh\workspace\nengliketang\src\com\app\test\Publicclass.java:23: 警告: 编码UTF-8的不可映射字符
    [javac] 	//???????????ж???????????????????????????????????????????
    [javac] 	                                        ^
    [javac] E:\hh\workspace\nengliketang\src\com\app\test\Publicclass.java:23: 警告: 编码UTF-8的不可映射字符
    [javac] 	//???????????ж???????????????????????????????????????????
    [javac] 	                                         ^
    [javac] E:\hh\workspace\nengliketang\src\com\app\test\Publicclass.java:23: 警告: 编码UTF-8的不可映射字符
    [javac] 	//???????????ж???????????????????????????????????????????
    [javac] 	                                          ^
    [javac] E:\hh\workspace\nengliketang\src\com\app\test\Publicclass.java:23: 警告: 编码UTF-8的不可映射字符
    [javac] 	//???????????ж???????????????????????????????????????????
    [javac] 	                                           ^
    [javac] E:\hh\workspace\nengliketang\src\com\app\test\Publicclass.java:23: 警告: 编码UTF-8的不可映射字符
    [javac] 	//???????????ж???????????????????????????????????????????
    [javac] 	                                            ^
    [javac] E:\hh\workspace\nengliketang\src\com\app\test\Publicclass.java:23: 警告: 编码UTF-8的不可映射字符
    [javac] 	//???????????ж???????????????????????????????????????????
    [javac] 	                                             ^
    [javac] E:\hh\workspace\nengliketang\src\com\app\test\Publicclass.java:23: 警告: 编码UTF-8的不可映射字符
    [javac] 	//???????????ж???????????????????????????????????????????
    [javac] 	                                               ^
    [javac] E:\hh\workspace\nengliketang\src\com\app\test\Publicclass.java:23: 警告: 编码UTF-8的不可映射字符
    [javac] 	//???????????ж???????????????????????????????????????????
    [javac] 	                                                  ^
    [javac] E:\hh\workspace\nengliketang\src\com\app\test\Publicclass.java:23: 警告: 编码UTF-8的不可映射字符
    [javac] 	//???????????ж???????????????????????????????????????????
    [javac] 	                                                   ^
    [javac] E:\hh\workspace\nengliketang\src\com\app\test\Publicclass.java:23: 警告: 编码UTF-8的不可映射字符
    [javac] 	//???????????ж???????????????????????????????????????????
    [javac] 	                                                    ^
    [javac] E:\hh\workspace\nengliketang\src\com\app\test\Publicclass.java:23: 警告: 编码UTF-8的不可映射字符
    [javac] 	//???????????ж???????????????????????????????????????????
    [javac] 	                                                      ^
    [javac] E:\hh\workspace\nengliketang\src\com\app\test\Publicclass.java:23: 警告: 编码UTF-8的不可映射字符
    [javac] 	//???????????ж???????????????????????????????????????????
    [javac] 	                                                       ^
    [javac] E:\hh\workspace\nengliketang\src\com\app\test\Publicclass.java:23: 警告: 编码UTF-8的不可映射字符
    [javac] 	//???????????ж???????????????????????????????????????????
    [javac] 	                                                        ^
    [javac] E:\hh\workspace\nengliketang\src\com\app\test\Publicclass.java:23: 警告: 编码UTF-8的不可映射字符
    [javac] 	//???????????ж???????????????????????????????????????????
    [javac] 	                                                         ^
    [javac] E:\hh\workspace\nengliketang\src\com\app\test\Publicclass.java:25: 警告: 编码UTF-8的不可映射字符
    [javac] 		UiObject slideText=new UiObject(new UiSelector().text("????????????"));
    [javac] 		                                                       ^
    [javac] E:\hh\workspace\nengliketang\src\com\app\test\Publicclass.java:25: 警告: 编码UTF-8的不可映射字符
    [javac] 		UiObject slideText=new UiObject(new UiSelector().text("????????????"));
    [javac] 		                                                        ^
    [javac] E:\hh\workspace\nengliketang\src\com\app\test\Publicclass.java:25: 警告: 编码UTF-8的不可映射字符
    [javac] 		UiObject slideText=new UiObject(new UiSelector().text("????????????"));
    [javac] 		                                                         ^
    [javac] E:\hh\workspace\nengliketang\src\com\app\test\Publicclass.java:25: 警告: 编码UTF-8的不可映射字符
    [javac] 		UiObject slideText=new UiObject(new UiSelector().text("????????????"));
    [javac] 		                                                          ^
    [javac] E:\hh\workspace\nengliketang\src\com\app\test\Publicclass.java:25: 警告: 编码UTF-8的不可映射字符
    [javac] 		UiObject slideText=new UiObject(new UiSelector().text("????????????"));
    [javac] 		                                                           ^
    [javac] E:\hh\workspace\nengliketang\src\com\app\test\Publicclass.java:25: 警告: 编码UTF-8的不可映射字符
    [javac] 		UiObject slideText=new UiObject(new UiSelector().text("????????????"));
    [javac] 		                                                            ^
    [javac] 100 个警告

-post-compile:

-dex:
      [dex] input: E:\hh\workspace\nengliketang\bin\classes
      [dex] Found Deleted Target File
      [dex] Converting compiled files and external libraries into E:\hh\workspace\nengliketang\bin\classes.dex...

-post-dex:

-jar:
      [jar] Building jar: E:\hh\workspace\nengliketang\bin\test.jar

-post-jar:

build:

BUILD SUCCESSFUL
Total time: 3 seconds
error: device not found
error: device not found
Updated file E:\hh\workspace\nengliketang\build.xml
Buildfile: E:\hh\workspace\nengliketang\build.xml

-check-env:
 [checkenv] Android SDK Tools Revision 21.1.0
 [checkenv] Installed at E:\hh\software\adt-bundle-windows-x86_64_20140101\sdk

-build-setup:
     [echo] Resolving Build Target for test...
[getuitarget] Project Target:   Android 4.3
[getuitarget] API level:        18
     [echo] ----------
     [echo] Creating output directories if needed...

-pre-compile:

compile:

-post-compile:

-dex:
      [dex] input: E:\hh\workspace\nengliketang\bin\classes
      [dex] Found Deleted Target File
      [dex] Converting compiled files and external libraries into E:\hh\workspace\nengliketang\bin\classes.dex...

-post-dex:

-jar:
      [jar] Building jar: E:\hh\workspace\nengliketang\bin\test.jar

-post-jar:

build:

BUILD SUCCESSFUL
Total time: 1 second
5 KB/s (5208 bytes in 1.000s)
INSTRUMENTATION_STATUS: current=1

INSTRUMENTATION_STATUS: id=UiAutomatorTestRunner

INSTRUMENTATION_STATUS: class=com.nengliketang.test.login

INSTRUMENTATION_STATUS: stream=

com.nengliketang.test.login:

INSTRUMENTATION_STATUS: numtests=1

INSTRUMENTATION_STATUS: test=testlogin

INSTRUMENTATION_STATUS_CODE: 1

com.android.uiautomator.core.UiObjectNotFoundException: UiSelector[TEXT=锟斤拷锟斤拷锟斤拷幕锟皆斤拷锟斤拷]

	at com.android.uiautomator.core.UiObject.getBounds(UiObject.java:655)

	at com.app.test.Publicclass.slideUnlock(Publicclass.java:31)

	at com.nengliketang.test.login.testlogin(login.java:10)

	at java.lang.reflect.Method.invokeNative(Native Method)

	at java.lang.reflect.Method.invoke(Method.java:511)

	at junit.framework.TestCase.runTest(TestCase.java:168)

	at junit.framework.TestCase.runBare(TestCase.java:134)

	at junit.framework.TestResult$1.protect(TestResult.java:115)

	at junit.framework.TestResult.runProtected(TestResult.java:133)

	at junit.framework.TestResult.run(TestResult.java:118)

	at junit.framework.TestCase.run(TestCase.java:124)

	at com.android.uiautomator.testrunner.UiAutomatorTestRunner.start(UiAutomatorTestRunner.java:124)

	at com.android.uiautomator.testrunner.UiAutomatorTestRunner.run(UiAutomatorTestRunner.java:85)

	at com.android.commands.uiautomator.RunTestCommand.run(RunTestCommand.java:76)

	at com.android.commands.uiautomator.Launcher.main(Launcher.java:83)

	at com.android.internal.os.RuntimeInit.nativeFinishInit(Native Method)

	at com.android.internal.os.RuntimeInit.main(RuntimeInit.java:237)

	at dalvik.system.NativeStart.main(Native Method)

1111111111

INSTRUMENTATION_STATUS: current=1

INSTRUMENTATION_STATUS: id=UiAutomatorTestRunner

INSTRUMENTATION_STATUS: class=com.nengliketang.test.login

INSTRUMENTATION_STATUS: stream=.

INSTRUMENTATION_STATUS: numtests=1

INSTRUMENTATION_STATUS: test=testlogin

INSTRUMENTATION_STATUS_CODE: 0

INSTRUMENTATION_STATUS: stream=

Test results for UiAutomatorTestRunner=.

Time: 12.432



OK (1 test)





INSTRUMENTATION_STATUS_CODE: -1

Updated file E:\hh\workspace\nengliketang\build.xml
Buildfile: E:\hh\workspace\nengliketang\build.xml

-check-env:
 [checkenv] Android SDK Tools Revision 21.1.0
 [checkenv] Installed at E:\hh\software\adt-bundle-windows-x86_64_20140101\sdk

-build-setup:
     [echo] Resolving Build Target for test...
[getuitarget] Project Target:   Android 4.3
[getuitarget] API level:        18
     [echo] ----------
     [echo] Creating output directories if needed...

-pre-compile:

compile:

-post-compile:

-dex:
      [dex] input: E:\hh\workspace\nengliketang\bin\classes
      [dex] Found Deleted Target File
      [dex] Converting compiled files and external libraries into E:\hh\workspace\nengliketang\bin\classes.dex...

-post-dex:

-jar:
      [jar] Building jar: E:\hh\workspace\nengliketang\bin\test.jar

-post-jar:

build:

BUILD SUCCESSFUL
Total time: 1 second
5 KB/s (5208 bytes in 1.000s)
INSTRUMENTATION_STATUS: current=1

INSTRUMENTATION_STATUS: id=UiAutomatorTestRunner

INSTRUMENTATION_STATUS: class=com.nengliketang.test.login

INSTRUMENTATION_STATUS: stream=

com.nengliketang.test.login:

INSTRUMENTATION_STATUS: numtests=1

INSTRUMENTATION_STATUS: test=testlogin

INSTRUMENTATION_STATUS_CODE: 1

com.android.uiautomator.core.UiObjectNotFoundException: UiSelector[TEXT=锟斤拷锟斤拷锟斤拷幕锟皆斤拷锟斤拷]

	at com.android.uiautomator.core.UiObject.getBounds(UiObject.java:655)

	at com.app.test.Publicclass.slideUnlock(Publicclass.java:31)

	at com.nengliketang.test.login.testlogin(login.java:10)

	at java.lang.reflect.Method.invokeNative(Native Method)

	at java.lang.reflect.Method.invoke(Method.java:511)

	at junit.framework.TestCase.runTest(TestCase.java:168)

	at junit.framework.TestCase.runBare(TestCase.java:134)

	at junit.framework.TestResult$1.protect(TestResult.java:115)

	at junit.framework.TestResult.runProtected(TestResult.java:133)

	at junit.framework.TestResult.run(TestResult.java:118)

	at junit.framework.TestCase.run(TestCase.java:124)

	at com.android.uiautomator.testrunner.UiAutomatorTestRunner.start(UiAutomatorTestRunner.java:124)

	at com.android.uiautomator.testrunner.UiAutomatorTestRunner.run(UiAutomatorTestRunner.java:85)

	at com.android.commands.uiautomator.RunTestCommand.run(RunTestCommand.java:76)

	at com.android.commands.uiautomator.Launcher.main(Launcher.java:83)

	at com.android.internal.os.RuntimeInit.nativeFinishInit(Native Method)

	at com.android.internal.os.RuntimeInit.main(RuntimeInit.java:237)

	at dalvik.system.NativeStart.main(Native Method)

1111111111

INSTRUMENTATION_STATUS: current=1

INSTRUMENTATION_STATUS: id=UiAutomatorTestRunner

INSTRUMENTATION_STATUS: class=com.nengliketang.test.login

INSTRUMENTATION_STATUS: stream=.

INSTRUMENTATION_STATUS: numtests=1

INSTRUMENTATION_STATUS: test=testlogin

INSTRUMENTATION_STATUS_CODE: 0

INSTRUMENTATION_STATUS: stream=

Test results for UiAutomatorTestRunner=.

Time: 12.685



OK (1 test)





INSTRUMENTATION_STATUS_CODE: -1

Updated file E:\hh\workspace\nengliketang\build.xml
Buildfile: E:\hh\workspace\nengliketang\build.xml

-check-env:
 [checkenv] Android SDK Tools Revision 21.1.0
 [checkenv] Installed at E:\hh\software\adt-bundle-windows-x86_64_20140101\sdk

-build-setup:
     [echo] Resolving Build Target for test...
[getuitarget] Project Target:   Android 4.3
[getuitarget] API level:        18
     [echo] ----------
     [echo] Creating output directories if needed...

-pre-compile:

compile:
    [javac] Compiling 1 source file to E:\hh\workspace\nengliketang\bin\classes
    [javac] 锟斤拷锟斤拷: [options] 源值1.5锟窖癸拷时, 锟斤拷锟斤拷未锟斤拷锟斤拷锟叫凤拷锟叫帮拷锟斤拷删锟斤拷
    [javac] 锟斤拷锟斤拷: [options] 目锟斤拷值1.5锟窖癸拷时, 锟斤拷锟斤拷未锟斤拷锟斤拷锟叫凤拷锟叫帮拷锟斤拷删锟斤拷
    [javac] 锟斤拷锟斤拷: [options] 要锟斤拷锟斤拷锟叫癸拷锟窖癸拷时选锟斤拷木锟斤拷锟, 锟斤拷使锟斤拷 -Xlint:-options锟斤拷
    [javac] 3 锟斤拷锟斤拷锟斤拷

-post-compile:

-dex:
      [dex] input: E:\hh\workspace\nengliketang\bin\classes
      [dex] Found Deleted Target File
      [dex] Converting compiled files and external libraries into E:\hh\workspace\nengliketang\bin\classes.dex...

-post-dex:

-jar:
      [jar] Building jar: E:\hh\workspace\nengliketang\bin\test.jar

-post-jar:

build:

BUILD SUCCESSFUL
Total time: 1 second
5 KB/s (5226 bytes in 1.000s)
INSTRUMENTATION_STATUS: current=1

INSTRUMENTATION_STATUS: id=UiAutomatorTestRunner

INSTRUMENTATION_STATUS: class=com.nengliketang.test.login

INSTRUMENTATION_STATUS: stream=

com.nengliketang.test.login:

INSTRUMENTATION_STATUS: numtests=1

INSTRUMENTATION_STATUS: test=testlogin

INSTRUMENTATION_STATUS_CODE: 1

1111111111

INSTRUMENTATION_STATUS: current=1

INSTRUMENTATION_STATUS: id=UiAutomatorTestRunner

INSTRUMENTATION_STATUS: class=com.nengliketang.test.login

INSTRUMENTATION_STATUS: stream=.

INSTRUMENTATION_STATUS: numtests=1

INSTRUMENTATION_STATUS: test=testlogin

INSTRUMENTATION_STATUS_CODE: 0

INSTRUMENTATION_STATUS: stream=

Test results for UiAutomatorTestRunner=.

Time: 1.895



OK (1 test)





INSTRUMENTATION_STATUS_CODE: -1

Updated file C:\Users\Workspace\nengliketang\build.xml
Buildfile: C:\Users\Workspace\nengliketang\build.xml

-check-env:
 [checkenv] Android SDK Tools Revision 22.0.5
 [checkenv] Installed at D:\robotium\robotiumadt\sdk

-build-setup:
[getbuildtools] Using latest Build Tools: 18.0.1
     [echo] Resolving Build Target for test...
[getuitarget] Project Target:   Android 4.4W
[getuitarget] API level:        20
     [echo] ----------
     [echo] Creating output directories if needed...
    [mkdir] Created dir: C:\Users\Workspace\nengliketang\bin\classes

-pre-compile:

compile:
    [javac] Compiling 4 source files to C:\Users\Workspace\nengliketang\bin\classes
    [javac] 锟斤拷锟斤拷: [options] 源值1.5锟窖癸拷时, 锟斤拷锟斤拷未锟斤拷锟斤拷锟叫凤拷锟叫帮拷锟斤拷删锟斤拷
    [javac] 锟斤拷锟斤拷: [options] 目锟斤拷值1.5锟窖癸拷时, 锟斤拷锟斤拷未锟斤拷锟斤拷锟叫凤拷锟叫帮拷锟斤拷删锟斤拷
    [javac] 锟斤拷锟斤拷: [options] 要锟斤拷锟斤拷锟叫癸拷锟窖癸拷时选锟斤拷木锟斤拷锟, 锟斤拷使锟斤拷 -Xlint:-options锟斤拷
    [javac] C:\Users\Workspace\nengliketang\src\com\app\test\testing.java:10: 锟斤拷锟斤拷: 锟斤拷锟斤拷UTF-8锟侥诧拷锟斤拷映锟斤拷锟街凤拷
    [javac] 		// ????????????
    [javac] 		   ^
    [javac] C:\Users\Workspace\nengliketang\src\com\app\test\testing.java:10: 锟斤拷锟斤拷: 锟斤拷锟斤拷UTF-8锟侥诧拷锟斤拷映锟斤拷锟街凤拷
    [javac] 		// ????????????
    [javac] 		    ^
    [javac] C:\Users\Workspace\nengliketang\src\com\app\test\testing.java:10: 锟斤拷锟斤拷: 锟斤拷锟斤拷UTF-8锟侥诧拷锟斤拷映锟斤拷锟街凤拷
    [javac] 		// ????????????
    [javac] 		     ^
    [javac] C:\Users\Workspace\nengliketang\src\com\app\test\testing.java:10: 锟斤拷锟斤拷: 锟斤拷锟斤拷UTF-8锟侥诧拷锟斤拷映锟斤拷锟街凤拷
    [javac] 		// ????????????
    [javac] 		      ^
    [javac] C:\Users\Workspace\nengliketang\src\com\app\test\testing.java:10: 锟斤拷锟斤拷: 锟斤拷锟斤拷UTF-8锟侥诧拷锟斤拷映锟斤拷锟街凤拷
    [javac] 		// ????????????
    [javac] 		       ^
    [javac] C:\Users\Workspace\nengliketang\src\com\app\test\testing.java:10: 锟斤拷锟斤拷: 锟斤拷锟斤拷UTF-8锟侥诧拷锟斤拷映锟斤拷锟街凤拷
    [javac] 		// ????????????
    [javac] 		        ^
    [javac] C:\Users\Workspace\nengliketang\src\com\app\test\testing.java:10: 锟斤拷锟斤拷: 锟斤拷锟斤拷UTF-8锟侥诧拷锟斤拷映锟斤拷锟街凤拷
    [javac] 		// ????????????
    [javac] 		         ^
    [javac] C:\Users\Workspace\nengliketang\src\com\app\test\testing.java:10: 锟斤拷锟斤拷: 锟斤拷锟斤拷UTF-8锟侥诧拷锟斤拷映锟斤拷锟街凤拷
    [javac] 		// ????????????
    [javac] 		          ^
    [javac] C:\Users\Workspace\nengliketang\src\com\app\test\testing.java:10: 锟斤拷锟斤拷: 锟斤拷锟斤拷UTF-8锟侥诧拷锟斤拷映锟斤拷锟街凤拷
    [javac] 		// ????????????
    [javac] 		           ^
    [javac] C:\Users\Workspace\nengliketang\src\com\app\test\testing.java:10: 锟斤拷锟斤拷: 锟斤拷锟斤拷UTF-8锟侥诧拷锟斤拷映锟斤拷锟街凤拷
    [javac] 		// ????????????
    [javac] 		            ^
    [javac] C:\Users\Workspace\nengliketang\src\com\app\test\testing.java:10: 锟斤拷锟斤拷: 锟斤拷锟斤拷UTF-8锟侥诧拷锟斤拷映锟斤拷锟街凤拷
    [javac] 		// ????????????
    [javac] 		             ^
    [javac] C:\Users\Workspace\nengliketang\src\com\app\test\testing.java:10: 锟斤拷锟斤拷: 锟斤拷锟斤拷UTF-8锟侥诧拷锟斤拷映锟斤拷锟街凤拷
    [javac] 		// ????????????
    [javac] 		              ^
    [javac] 15 锟斤拷锟斤拷锟斤拷

-post-compile:

-dex:
      [dex] input: C:\Users\Workspace\nengliketang\bin\classes
      [dex] Converting compiled files and external libraries into C:\Users\Workspace\nengliketang\bin\classes.dex...

-post-dex:

-jar:
      [jar] Building jar: C:\Users\Workspace\nengliketang\bin\test.jar

-post-jar:

build:

BUILD SUCCESSFUL
Total time: 5 seconds
108 KB/s (6085 bytes in 0.055s)
INSTRUMENTATION_STATUS: current=1

INSTRUMENTATION_STATUS: id=UiAutomatorTestRunner

INSTRUMENTATION_STATUS: class=com.nengliketang.test.login

INSTRUMENTATION_STATUS: stream=

com.nengliketang.test.login:

INSTRUMENTATION_STATUS: numtests=1

INSTRUMENTATION_STATUS: test=testlogin

INSTRUMENTATION_STATUS_CODE: 1

INSTRUMENTATION_STATUS: current=1

INSTRUMENTATION_STATUS: id=UiAutomatorTestRunner

INSTRUMENTATION_STATUS: class=com.nengliketang.test.login

INSTRUMENTATION_STATUS: stream=

Error in testlogin:

java.lang.NoSuchMethodError: com.android.uiautomator.core.UiSelector.resourceId

	at com.app.test.Publicclass.inputPassport(Publicclass.java:115)

	at com.nengliketang.test.login.testlogin(login.java:15)

	at java.lang.reflect.Method.invokeNative(Native Method)

	at com.android.uiautomator.testrunner.UiAutomatorTestRunner.start(UiAutomatorTestRunner.java:124)

	at com.android.uiautomator.testrunner.UiAutomatorTestRunner.run(UiAutomatorTestRunner.java:85)

	at com.android.commands.uiautomator.RunTestCommand.run(RunTestCommand.java:76)

	at com.android.commands.uiautomator.Launcher.main(Launcher.java:83)

	at com.android.internal.os.RuntimeInit.nativeFinishInit(Native Method)

	at com.android.internal.os.RuntimeInit.main(RuntimeInit.java:237)

	at dalvik.system.NativeStart.main(Native Method)



INSTRUMENTATION_STATUS: numtests=1

INSTRUMENTATION_STATUS: stack=java.lang.NoSuchMethodError: com.android.uiautomator.core.UiSelector.resourceId

	at com.app.test.Publicclass.inputPassport(Publicclass.java:115)

	at com.nengliketang.test.login.testlogin(login.java:15)

	at java.lang.reflect.Method.invokeNative(Native Method)

	at com.android.uiautomator.testrunner.UiAutomatorTestRunner.start(UiAutomatorTestRunner.java:124)

	at com.android.uiautomator.testrunner.UiAutomatorTestRunner.run(UiAutomatorTestRunner.java:85)

	at com.android.commands.uiautomator.RunTestCommand.run(RunTestCommand.java:76)

	at com.android.commands.uiautomator.Launcher.main(Launcher.java:83)

	at com.android.internal.os.RuntimeInit.nativeFinishInit(Native Method)

	at com.android.internal.os.RuntimeInit.main(RuntimeInit.java:237)

	at dalvik.system.NativeStart.main(Native Method)



INSTRUMENTATION_STATUS: test=testlogin

INSTRUMENTATION_STATUS_CODE: -1

INSTRUMENTATION_STATUS: stream=

Test results for UiAutomatorTestRunner=.E

Time: 19.222



FAILURES!!!

Tests run: 1,  Failures: 0,  Errors: 1





INSTRUMENTATION_STATUS_CODE: -1

Updated file C:\Users\Workspace\nengliketang\build.xml
Buildfile: C:\Users\Workspace\nengliketang\build.xml

-check-env:
 [checkenv] Android SDK Tools Revision 22.0.5
 [checkenv] Installed at D:\robotium\robotiumadt\sdk

-build-setup:
[getbuildtools] Using latest Build Tools: 18.0.1
     [echo] Resolving Build Target for test...
[getuitarget] Project Target:   Android 4.4W
[getuitarget] API level:        20
     [echo] ----------
     [echo] Creating output directories if needed...

-pre-compile:

compile:

-post-compile:

-dex:
      [dex] input: C:\Users\Workspace\nengliketang\bin\classes
      [dex] Found Deleted Target File
      [dex] Converting compiled files and external libraries into C:\Users\Workspace\nengliketang\bin\classes.dex...

-post-dex:

-jar:
      [jar] Building jar: C:\Users\Workspace\nengliketang\bin\test.jar

-post-jar:

build:

BUILD SUCCESSFUL
Total time: 2 seconds
152 KB/s (6085 bytes in 0.039s)
INSTRUMENTATION_STATUS: current=1

INSTRUMENTATION_STATUS: id=UiAutomatorTestRunner

INSTRUMENTATION_STATUS: class=com.nengliketang.test.login

INSTRUMENTATION_STATUS: stream=

com.nengliketang.test.login:

INSTRUMENTATION_STATUS: numtests=1

INSTRUMENTATION_STATUS: test=testlogin

INSTRUMENTATION_STATUS_CODE: 1

INSTRUMENTATION_STATUS: current=1

INSTRUMENTATION_STATUS: id=UiAutomatorTestRunner

INSTRUMENTATION_STATUS: class=com.nengliketang.test.login

INSTRUMENTATION_STATUS: stream=

Error in testlogin:

java.lang.NoSuchMethodError: com.android.uiautomator.core.UiSelector.resourceId

	at com.app.test.Publicclass.inputPassport(Publicclass.java:115)

	at com.nengliketang.test.login.testlogin(login.java:15)

	at java.lang.reflect.Method.invokeNative(Native Method)

	at com.android.uiautomator.testrunner.UiAutomatorTestRunner.start(UiAutomatorTestRunner.java:124)

	at com.android.uiautomator.testrunner.UiAutomatorTestRunner.run(UiAutomatorTestRunner.java:85)

	at com.android.commands.uiautomator.RunTestCommand.run(RunTestCommand.java:76)

	at com.android.commands.uiautomator.Launcher.main(Launcher.java:83)

	at com.android.internal.os.RuntimeInit.nativeFinishInit(Native Method)

	at com.android.internal.os.RuntimeInit.main(RuntimeInit.java:237)

	at dalvik.system.NativeStart.main(Native Method)



INSTRUMENTATION_STATUS: numtests=1

INSTRUMENTATION_STATUS: stack=java.lang.NoSuchMethodError: com.android.uiautomator.core.UiSelector.resourceId

	at com.app.test.Publicclass.inputPassport(Publicclass.java:115)

	at com.nengliketang.test.login.testlogin(login.java:15)

	at java.lang.reflect.Method.invokeNative(Native Method)

	at com.android.uiautomator.testrunner.UiAutomatorTestRunner.start(UiAutomatorTestRunner.java:124)

	at com.android.uiautomator.testrunner.UiAutomatorTestRunner.run(UiAutomatorTestRunner.java:85)

	at com.android.commands.uiautomator.RunTestCommand.run(RunTestCommand.java:76)

	at com.android.commands.uiautomator.Launcher.main(Launcher.java:83)

	at com.android.internal.os.RuntimeInit.nativeFinishInit(Native Method)

	at com.android.internal.os.RuntimeInit.main(RuntimeInit.java:237)

	at dalvik.system.NativeStart.main(Native Method)



INSTRUMENTATION_STATUS: test=testlogin

INSTRUMENTATION_STATUS_CODE: -1

INSTRUMENTATION_STATUS: stream=

Test results for UiAutomatorTestRunner=.E

Time: 26.729



FAILURES!!!

Tests run: 1,  Failures: 0,  Errors: 1





INSTRUMENTATION_STATUS_CODE: -1

Updated file C:\Users\Workspace\nengliketang\build.xml
Buildfile: C:\Users\Workspace\nengliketang\build.xml

-check-env:
 [checkenv] Android SDK Tools Revision 22.0.5
 [checkenv] Installed at D:\robotium\robotiumadt\sdk

-build-setup:
[getbuildtools] Using latest Build Tools: 18.0.1
     [echo] Resolving Build Target for test...
[getuitarget] Project Target:   Android 4.4W
[getuitarget] API level:        20
     [echo] ----------
     [echo] Creating output directories if needed...

-pre-compile:

compile:

-post-compile:

-dex:
      [dex] input: C:\Users\Workspace\nengliketang\bin\classes
      [dex] Found Deleted Target File
      [dex] Converting compiled files and external libraries into C:\Users\Workspace\nengliketang\bin\classes.dex...

-post-dex:

-jar:
      [jar] Building jar: C:\Users\Workspace\nengliketang\bin\test.jar

-post-jar:

build:

BUILD SUCCESSFUL
Total time: 1 second
220 KB/s (6085 bytes in 0.027s)
INSTRUMENTATION_STATUS: current=1

INSTRUMENTATION_STATUS: id=UiAutomatorTestRunner

INSTRUMENTATION_STATUS: class=com.nengliketang.test.login

INSTRUMENTATION_STATUS: stream=

com.nengliketang.test.login:

INSTRUMENTATION_STATUS: numtests=1

INSTRUMENTATION_STATUS: test=testlogin

INSTRUMENTATION_STATUS_CODE: 1

INSTRUMENTATION_STATUS: current=1

INSTRUMENTATION_STATUS: id=UiAutomatorTestRunner

INSTRUMENTATION_STATUS: class=com.nengliketang.test.login

INSTRUMENTATION_STATUS: stream=

Error in testlogin:

java.lang.NoSuchMethodError: com.android.uiautomator.core.UiSelector.resourceId

	at com.app.test.Publicclass.inputPassport(Publicclass.java:115)

	at com.nengliketang.test.login.testlogin(login.java:15)

	at java.lang.reflect.Method.invokeNative(Native Method)

	at com.android.uiautomator.testrunner.UiAutomatorTestRunner.start(UiAutomatorTestRunner.java:124)

	at com.android.uiautomator.testrunner.UiAutomatorTestRunner.run(UiAutomatorTestRunner.java:85)

	at com.android.commands.uiautomator.RunTestCommand.run(RunTestCommand.java:76)

	at com.android.commands.uiautomator.Launcher.main(Launcher.java:83)

	at com.android.internal.os.RuntimeInit.nativeFinishInit(Native Method)

	at com.android.internal.os.RuntimeInit.main(RuntimeInit.java:237)

	at dalvik.system.NativeStart.main(Native Method)



INSTRUMENTATION_STATUS: numtests=1

INSTRUMENTATION_STATUS: stack=java.lang.NoSuchMethodError: com.android.uiautomator.core.UiSelector.resourceId

	at com.app.test.Publicclass.inputPassport(Publicclass.java:115)

	at com.nengliketang.test.login.testlogin(login.java:15)

	at java.lang.reflect.Method.invokeNative(Native Method)

	at com.android.uiautomator.testrunner.UiAutomatorTestRunner.start(UiAutomatorTestRunner.java:124)

	at com.android.uiautomator.testrunner.UiAutomatorTestRunner.run(UiAutomatorTestRunner.java:85)

	at com.android.commands.uiautomator.RunTestCommand.run(RunTestCommand.java:76)

	at com.android.commands.uiautomator.Launcher.main(Launcher.java:83)

	at com.android.internal.os.RuntimeInit.nativeFinishInit(Native Method)

	at com.android.internal.os.RuntimeInit.main(RuntimeInit.java:237)

	at dalvik.system.NativeStart.main(Native Method)



INSTRUMENTATION_STATUS: test=testlogin

INSTRUMENTATION_STATUS_CODE: -1

INSTRUMENTATION_STATUS: stream=

Test results for UiAutomatorTestRunner=.E

Time: 20.328



FAILURES!!!

Tests run: 1,  Failures: 0,  Errors: 1





INSTRUMENTATION_STATUS_CODE: -1

Updated file C:\Users\Workspace\nengliketang\build.xml
Buildfile: C:\Users\Workspace\nengliketang\build.xml

-check-env:
 [checkenv] Android SDK Tools Revision 22.0.5
 [checkenv] Installed at D:\robotium\robotiumadt\sdk

-build-setup:
[getbuildtools] Using latest Build Tools: 18.0.1
     [echo] Resolving Build Target for test...
[getuitarget] Project Target:   Android 4.4W
[getuitarget] API level:        20
     [echo] ----------
     [echo] Creating output directories if needed...

-pre-compile:

compile:

-post-compile:

-dex:
      [dex] input: C:\Users\Workspace\nengliketang\bin\classes
      [dex] Found Deleted Target File
      [dex] Converting compiled files and external libraries into C:\Users\Workspace\nengliketang\bin\classes.dex...

-post-dex:

-jar:
      [jar] Building jar: C:\Users\Workspace\nengliketang\bin\test.jar

-post-jar:

build:

BUILD SUCCESSFUL
Total time: 1 second
160 KB/s (6085 bytes in 0.037s)
INSTRUMENTATION_STATUS: current=1

INSTRUMENTATION_STATUS: id=UiAutomatorTestRunner

INSTRUMENTATION_STATUS: class=com.nengliketang.test.login

INSTRUMENTATION_STATUS: stream=

com.nengliketang.test.login:

INSTRUMENTATION_STATUS: numtests=1

INSTRUMENTATION_STATUS: test=testlogin

INSTRUMENTATION_STATUS_CODE: 1

INSTRUMENTATION_STATUS: current=1

INSTRUMENTATION_STATUS: id=UiAutomatorTestRunner

INSTRUMENTATION_STATUS: class=com.nengliketang.test.login

INSTRUMENTATION_STATUS: stream=

Error in testlogin:

java.lang.NoSuchMethodError: com.android.uiautomator.core.UiSelector.resourceId

	at com.app.test.Publicclass.inputPassport(Publicclass.java:115)

	at com.nengliketang.test.login.testlogin(login.java:15)

	at java.lang.reflect.Method.invokeNative(Native Method)

	at com.android.uiautomator.testrunner.UiAutomatorTestRunner.start(UiAutomatorTestRunner.java:124)

	at com.android.uiautomator.testrunner.UiAutomatorTestRunner.run(UiAutomatorTestRunner.java:85)

	at com.android.commands.uiautomator.RunTestCommand.run(RunTestCommand.java:76)

	at com.android.commands.uiautomator.Launcher.main(Launcher.java:83)

	at com.android.internal.os.RuntimeInit.nativeFinishInit(Native Method)

	at com.android.internal.os.RuntimeInit.main(RuntimeInit.java:237)

	at dalvik.system.NativeStart.main(Native Method)



INSTRUMENTATION_STATUS: numtests=1

INSTRUMENTATION_STATUS: stack=java.lang.NoSuchMethodError: com.android.uiautomator.core.UiSelector.resourceId

	at com.app.test.Publicclass.inputPassport(Publicclass.java:115)

	at com.nengliketang.test.login.testlogin(login.java:15)

	at java.lang.reflect.Method.invokeNative(Native Method)

	at com.android.uiautomator.testrunner.UiAutomatorTestRunner.start(UiAutomatorTestRunner.java:124)

	at com.android.uiautomator.testrunner.UiAutomatorTestRunner.run(UiAutomatorTestRunner.java:85)

	at com.android.commands.uiautomator.RunTestCommand.run(RunTestCommand.java:76)

	at com.android.commands.uiautomator.Launcher.main(Launcher.java:83)

	at com.android.internal.os.RuntimeInit.nativeFinishInit(Native Method)

	at com.android.internal.os.RuntimeInit.main(RuntimeInit.java:237)

	at dalvik.system.NativeStart.main(Native Method)



INSTRUMENTATION_STATUS: test=testlogin

INSTRUMENTATION_STATUS_CODE: -1

INSTRUMENTATION_STATUS: stream=

Test results for UiAutomatorTestRunner=.E

Time: 21.065



FAILURES!!!

Tests run: 1,  Failures: 0,  Errors: 1





INSTRUMENTATION_STATUS_CODE: -1

Updated file C:\Users\Workspace\nengliketang\build.xml
Buildfile: C:\Users\Workspace\nengliketang\build.xml

-check-env:
 [checkenv] Android SDK Tools Revision 22.0.5
 [checkenv] Installed at D:\robotium\robotiumadt\sdk

-build-setup:
[getbuildtools] Using latest Build Tools: 18.0.1
     [echo] Resolving Build Target for test...
[getuitarget] Project Target:   Android 4.4W
[getuitarget] API level:        20
     [echo] ----------
     [echo] Creating output directories if needed...

-pre-compile:

compile:
    [javac] Compiling 1 source file to C:\Users\Workspace\nengliketang\bin\classes
    [javac] 锟斤拷锟斤拷: [options] 源值1.5锟窖癸拷时, 锟斤拷锟斤拷未锟斤拷锟斤拷锟叫凤拷锟叫帮拷锟斤拷删锟斤拷
    [javac] 锟斤拷锟斤拷: [options] 目锟斤拷值1.5锟窖癸拷时, 锟斤拷锟斤拷未锟斤拷锟斤拷锟叫凤拷锟叫帮拷锟斤拷删锟斤拷
    [javac] 锟斤拷锟斤拷: [options] 要锟斤拷锟斤拷锟叫癸拷锟窖癸拷时选锟斤拷木锟斤拷锟, 锟斤拷使锟斤拷 -Xlint:-options锟斤拷
    [javac] 3 锟斤拷锟斤拷锟斤拷

-post-compile:

-dex:
      [dex] input: C:\Users\Workspace\nengliketang\bin\classes
      [dex] Found Deleted Target File
      [dex] Converting compiled files and external libraries into C:\Users\Workspace\nengliketang\bin\classes.dex...

-post-dex:

-jar:
      [jar] Building jar: C:\Users\Workspace\nengliketang\bin\test.jar

-post-jar:

build:

BUILD SUCCESSFUL
Total time: 5 seconds
126 KB/s (6085 bytes in 0.047s)
INSTRUMENTATION_STATUS: numtests=1

INSTRUMENTATION_STATUS: stream=

com.nengliketang.test.login:

INSTRUMENTATION_STATUS: id=UiAutomatorTestRunner

INSTRUMENTATION_STATUS: test=testlogin

INSTRUMENTATION_STATUS: class=com.nengliketang.test.login

INSTRUMENTATION_STATUS: current=1

INSTRUMENTATION_STATUS_CODE: 1

Updated file C:\Users\Workspace\nengliketang\build.xml
Buildfile: C:\Users\Workspace\nengliketang\build.xml

-check-env:
 [checkenv] Android SDK Tools Revision 22.0.5
 [checkenv] Installed at D:\robotium\robotiumadt\sdk

-build-setup:
[getbuildtools] Using latest Build Tools: 18.0.1
     [echo] Resolving Build Target for test...
[getuitarget] Project Target:   Android 4.4W
[getuitarget] API level:        20
     [echo] ----------
     [echo] Creating output directories if needed...

-pre-compile:

compile:
    [javac] Compiling 3 source files to C:\Users\Workspace\nengliketang\bin\classes
    [javac] 锟斤拷锟斤拷: [options] 源值1.5锟窖癸拷时, 锟斤拷锟斤拷未锟斤拷锟斤拷锟叫凤拷锟叫帮拷锟斤拷删锟斤拷
    [javac] 锟斤拷锟斤拷: [options] 目锟斤拷值1.5锟窖癸拷时, 锟斤拷锟斤拷未锟斤拷锟斤拷锟叫凤拷锟叫帮拷锟斤拷删锟斤拷
    [javac] 锟斤拷锟斤拷: [options] 要锟斤拷锟斤拷锟叫癸拷锟窖癸拷时选锟斤拷木锟斤拷锟, 锟斤拷使锟斤拷 -Xlint:-options锟斤拷
    [javac] 3 锟斤拷锟斤拷锟斤拷

-post-compile:

-dex:
      [dex] input: C:\Users\Workspace\nengliketang\bin\classes
      [dex] Found Deleted Target File
      [dex] Converting compiled files and external libraries into C:\Users\Workspace\nengliketang\bin\classes.dex...

-post-dex:

-jar:
      [jar] Building jar: C:\Users\Workspace\nengliketang\bin\test.jar

-post-jar:

build:

BUILD SUCCESSFUL
Total time: 2 seconds
* daemon not running. starting it now on port 5037 *
* daemon started successfully *
111 KB/s (5710 bytes in 0.050s)
INSTRUMENTATION_STATUS: numtests=1

INSTRUMENTATION_STATUS: stream=

com.nengliketang.test.login:

INSTRUMENTATION_STATUS: id=UiAutomatorTestRunner

INSTRUMENTATION_STATUS: test=testlogin

INSTRUMENTATION_STATUS: class=com.nengliketang.test.login

INSTRUMENTATION_STATUS: current=1

INSTRUMENTATION_STATUS_CODE: 1

com.android.uiautomator.core.UiObjectNotFoundException: UiSelector[RESOURCE_ID=login_edt_password]

	at com.android.uiautomator.core.UiObject.clearTextField(UiObject.java:623)

	at com.app.test.Publicclass.inputPassport(Publicclass.java:79)

	at com.nengliketang.test.login.testlogin(login.java:13)

	at java.lang.reflect.Method.invokeNative(Native Method)

	at java.lang.reflect.Method.invoke(Method.java:515)

	at junit.framework.TestCase.runTest(TestCase.java:168)

	at junit.framework.TestCase.runBare(TestCase.java:134)

	at junit.framework.TestResult$1.protect(TestResult.java:115)

	at junit.framework.TestResult.runProtected(TestResult.java:133)

	at junit.framework.TestResult.run(TestResult.java:118)

	at junit.framework.TestCase.run(TestCase.java:124)

	at com.android.uiautomator.testrunner.UiAutomatorTestRunner.start(UiAutomatorTestRunner.java:160)

	at com.android.uiautomator.testrunner.UiAutomatorTestRunner.run(UiAutomatorTestRunner.java:96)

	at com.android.commands.uiautomator.RunTestCommand.run(RunTestCommand.java:91)

	at com.android.commands.uiautomator.Launcher.main(Launcher.java:83)

	at com.android.internal.os.RuntimeInit.nativeFinishInit(Native Method)

	at com.android.internal.os.RuntimeInit.main(RuntimeInit.java:243)

	at dalvik.system.NativeStart.main(Native Method)

INSTRUMENTATION_STATUS: numtests=1

INSTRUMENTATION_STATUS: stream=.

INSTRUMENTATION_STATUS: id=UiAutomatorTestRunner

INSTRUMENTATION_STATUS: test=testlogin

INSTRUMENTATION_STATUS: class=com.nengliketang.test.login

INSTRUMENTATION_STATUS: current=1

INSTRUMENTATION_STATUS_CODE: 0

INSTRUMENTATION_STATUS: stream=

Test results for WatcherResultPrinter=.

Time: 34.07



OK (1 test)





INSTRUMENTATION_STATUS_CODE: -1

Updated file C:\Users\Workspace\nengliketang\build.xml
Buildfile: C:\Users\Workspace\nengliketang\build.xml

-check-env:
 [checkenv] Android SDK Tools Revision 22.0.5
 [checkenv] Installed at D:\robotium\robotiumadt\sdk

-build-setup:
[getbuildtools] Using latest Build Tools: 18.0.1
     [echo] Resolving Build Target for test...
[getuitarget] Project Target:   Android 4.4W
[getuitarget] API level:        20
     [echo] ----------
     [echo] Creating output directories if needed...

-pre-compile:

compile:
    [javac] Compiling 1 source file to C:\Users\Workspace\nengliketang\bin\classes
    [javac] 锟斤拷锟斤拷: [options] 源值1.5锟窖癸拷时, 锟斤拷锟斤拷未锟斤拷锟斤拷锟叫凤拷锟叫帮拷锟斤拷删锟斤拷
    [javac] 锟斤拷锟斤拷: [options] 目锟斤拷值1.5锟窖癸拷时, 锟斤拷锟斤拷未锟斤拷锟斤拷锟叫凤拷锟叫帮拷锟斤拷删锟斤拷
    [javac] 锟斤拷锟斤拷: [options] 要锟斤拷锟斤拷锟叫癸拷锟窖癸拷时选锟斤拷木锟斤拷锟, 锟斤拷使锟斤拷 -Xlint:-options锟斤拷
    [javac] 3 锟斤拷锟斤拷锟斤拷

-post-compile:

-dex:
      [dex] input: C:\Users\Workspace\nengliketang\bin\classes
      [dex] Found Deleted Target File
      [dex] Converting compiled files and external libraries into C:\Users\Workspace\nengliketang\bin\classes.dex...

-post-dex:

-jar:
      [jar] Building jar: C:\Users\Workspace\nengliketang\bin\test.jar

-post-jar:

build:

BUILD SUCCESSFUL
Total time: 2 seconds
119 KB/s (5731 bytes in 0.047s)
INSTRUMENTATION_STATUS: numtests=1

INSTRUMENTATION_STATUS: stream=

com.nengliketang.test.login:

INSTRUMENTATION_STATUS: id=UiAutomatorTestRunner

INSTRUMENTATION_STATUS: test=testlogin

INSTRUMENTATION_STATUS: class=com.nengliketang.test.login

INSTRUMENTATION_STATUS: current=1

INSTRUMENTATION_STATUS_CODE: 1

INSTRUMENTATION_STATUS: numtests=1

INSTRUMENTATION_STATUS: stream=.

INSTRUMENTATION_STATUS: id=UiAutomatorTestRunner

INSTRUMENTATION_STATUS: test=testlogin

INSTRUMENTATION_STATUS: class=com.nengliketang.test.login

INSTRUMENTATION_STATUS: current=1

INSTRUMENTATION_STATUS_CODE: 0

INSTRUMENTATION_STATUS: stream=

Test results for WatcherResultPrinter=.

Time: 26.046



OK (1 test)





INSTRUMENTATION_STATUS_CODE: -1

Updated file C:\Users\Workspace\nengliketang\build.xml
Buildfile: C:\Users\Workspace\nengliketang\build.xml

-check-env:
 [checkenv] Android SDK Tools Revision 22.0.5
 [checkenv] Installed at D:\robotium\robotiumadt\sdk

-build-setup:
[getbuildtools] Using latest Build Tools: 18.0.1
     [echo] Resolving Build Target for test...
[getuitarget] Project Target:   Android 4.4W
[getuitarget] API level:        20
     [echo] ----------
     [echo] Creating output directories if needed...

-pre-compile:

compile:
    [javac] Compiling 3 source files to C:\Users\Workspace\nengliketang\bin\classes
    [javac] 锟斤拷锟斤拷: [options] 源值1.5锟窖癸拷时, 锟斤拷锟斤拷未锟斤拷锟斤拷锟叫凤拷锟叫帮拷锟斤拷删锟斤拷
    [javac] 锟斤拷锟斤拷: [options] 目锟斤拷值1.5锟窖癸拷时, 锟斤拷锟斤拷未锟斤拷锟斤拷锟叫凤拷锟叫帮拷锟斤拷删锟斤拷
    [javac] 锟斤拷锟斤拷: [options] 要锟斤拷锟斤拷锟叫癸拷锟窖癸拷时选锟斤拷木锟斤拷锟, 锟斤拷使锟斤拷 -Xlint:-options锟斤拷
    [javac] 3 锟斤拷锟斤拷锟斤拷

-post-compile:

-dex:
      [dex] input: C:\Users\Workspace\nengliketang\bin\classes
      [dex] Found Deleted Target File
      [dex] Converting compiled files and external libraries into C:\Users\Workspace\nengliketang\bin\classes.dex...

-post-dex:

-jar:
      [jar] Building jar: C:\Users\Workspace\nengliketang\bin\test.jar

-post-jar:

build:

BUILD SUCCESSFUL
Total time: 2 seconds
130 KB/s (6273 bytes in 0.047s)
INSTRUMENTATION_STATUS: numtests=1

INSTRUMENTATION_STATUS: stream=

com.nengliketang.test.login:

INSTRUMENTATION_STATUS: id=UiAutomatorTestRunner

INSTRUMENTATION_STATUS: test=testregister

INSTRUMENTATION_STATUS: class=com.nengliketang.test.login

INSTRUMENTATION_STATUS: current=1

INSTRUMENTATION_STATUS_CODE: 1

INSTRUMENTATION_STATUS: numtests=1

INSTRUMENTATION_STATUS: stream=.

INSTRUMENTATION_STATUS: id=UiAutomatorTestRunner

INSTRUMENTATION_STATUS: test=testregister

INSTRUMENTATION_STATUS: class=com.nengliketang.test.login

INSTRUMENTATION_STATUS: current=1

INSTRUMENTATION_STATUS_CODE: 0

INSTRUMENTATION_STATUS: stream=

Test results for WatcherResultPrinter=.

Time: 31.08



OK (1 test)





INSTRUMENTATION_STATUS_CODE: -1

Updated file C:\Users\Workspace\nengliketang\build.xml
Buildfile: C:\Users\Workspace\nengliketang\build.xml

-check-env:
 [checkenv] Android SDK Tools Revision 22.0.5
 [checkenv] Installed at D:\robotium\robotiumadt\sdk

-build-setup:
[getbuildtools] Using latest Build Tools: 18.0.1
     [echo] Resolving Build Target for test...
[getuitarget] Project Target:   Android 4.4W
[getuitarget] API level:        20
     [echo] ----------
     [echo] Creating output directories if needed...

-pre-compile:

compile:
    [javac] Compiling 1 source file to C:\Users\Workspace\nengliketang\bin\classes
    [javac] 锟斤拷锟斤拷: [options] 源值1.5锟窖癸拷时, 锟斤拷锟斤拷未锟斤拷锟斤拷锟叫凤拷锟叫帮拷锟斤拷删锟斤拷
    [javac] 锟斤拷锟斤拷: [options] 目锟斤拷值1.5锟窖癸拷时, 锟斤拷锟斤拷未锟斤拷锟斤拷锟叫凤拷锟叫帮拷锟斤拷删锟斤拷
    [javac] 锟斤拷锟斤拷: [options] 要锟斤拷锟斤拷锟叫癸拷锟窖癸拷时选锟斤拷木锟斤拷锟, 锟斤拷使锟斤拷 -Xlint:-options锟斤拷
    [javac] 3 锟斤拷锟斤拷锟斤拷

-post-compile:

-dex:
      [dex] input: C:\Users\Workspace\nengliketang\bin\classes
      [dex] Found Deleted Target File
      [dex] Converting compiled files and external libraries into C:\Users\Workspace\nengliketang\bin\classes.dex...

-post-dex:

-jar:
      [jar] Building jar: C:\Users\Workspace\nengliketang\bin\test.jar

-post-jar:

build:

BUILD SUCCESSFUL
Total time: 2 seconds
114 KB/s (6318 bytes in 0.054s)
INSTRUMENTATION_STATUS: numtests=1

INSTRUMENTATION_STATUS: stream=

com.nengliketang.test.login:

INSTRUMENTATION_STATUS: id=UiAutomatorTestRunner

INSTRUMENTATION_STATUS: test=testregister

INSTRUMENTATION_STATUS: class=com.nengliketang.test.login

INSTRUMENTATION_STATUS: current=1

INSTRUMENTATION_STATUS_CODE: 1

INSTRUMENTATION_STATUS: numtests=1

INSTRUMENTATION_STATUS: stream=.

INSTRUMENTATION_STATUS: id=UiAutomatorTestRunner

INSTRUMENTATION_STATUS: test=testregister

INSTRUMENTATION_STATUS: class=com.nengliketang.test.login

INSTRUMENTATION_STATUS: current=1

INSTRUMENTATION_STATUS_CODE: 0

INSTRUMENTATION_STATUS: stream=

Test results for WatcherResultPrinter=.

Time: 33.15



OK (1 test)





INSTRUMENTATION_STATUS_CODE: -1

Updated file C:\Users\Workspace\nengliketang\build.xml
Buildfile: C:\Users\Workspace\nengliketang\build.xml

-check-env:
 [checkenv] Android SDK Tools Revision 22.0.5
 [checkenv] Installed at D:\robotium\robotiumadt\sdk

-build-setup:
[getbuildtools] Using latest Build Tools: 18.0.1
     [echo] Resolving Build Target for test...
[getuitarget] Project Target:   Android 4.4W
[getuitarget] API level:        20
     [echo] ----------
     [echo] Creating output directories if needed...

-pre-compile:

compile:
    [javac] Compiling 1 source file to C:\Users\Workspace\nengliketang\bin\classes
    [javac] 锟斤拷锟斤拷: [options] 源值1.5锟窖癸拷时, 锟斤拷锟斤拷未锟斤拷锟斤拷锟叫凤拷锟叫帮拷锟斤拷删锟斤拷
    [javac] 锟斤拷锟斤拷: [options] 目锟斤拷值1.5锟窖癸拷时, 锟斤拷锟斤拷未锟斤拷锟斤拷锟叫凤拷锟叫帮拷锟斤拷删锟斤拷
    [javac] 锟斤拷锟斤拷: [options] 要锟斤拷锟斤拷锟叫癸拷锟窖癸拷时选锟斤拷木锟斤拷锟, 锟斤拷使锟斤拷 -Xlint:-options锟斤拷
    [javac] 3 锟斤拷锟斤拷锟斤拷

-post-compile:

-dex:
      [dex] input: C:\Users\Workspace\nengliketang\bin\classes
      [dex] Found Deleted Target File
      [dex] Converting compiled files and external libraries into C:\Users\Workspace\nengliketang\bin\classes.dex...

-post-dex:

-jar:
      [jar] Building jar: C:\Users\Workspace\nengliketang\bin\test.jar

-post-jar:

build:

BUILD SUCCESSFUL
Total time: 2 seconds
137 KB/s (6318 bytes in 0.045s)
INSTRUMENTATION_STATUS: numtests=1

INSTRUMENTATION_STATUS: stream=

com.nengliketang.test.login:

INSTRUMENTATION_STATUS: id=UiAutomatorTestRunner

INSTRUMENTATION_STATUS: test=testregister

INSTRUMENTATION_STATUS: class=com.nengliketang.test.login

INSTRUMENTATION_STATUS: current=1

INSTRUMENTATION_STATUS_CODE: 1

INSTRUMENTATION_STATUS: numtests=1

INSTRUMENTATION_STATUS: stream=.

INSTRUMENTATION_STATUS: id=UiAutomatorTestRunner

INSTRUMENTATION_STATUS: test=testregister

INSTRUMENTATION_STATUS: class=com.nengliketang.test.login

INSTRUMENTATION_STATUS: current=1

INSTRUMENTATION_STATUS_CODE: 0

INSTRUMENTATION_STATUS: stream=

Test results for WatcherResultPrinter=.

Time: 33.158



OK (1 test)





INSTRUMENTATION_STATUS_CODE: -1


       Usage:
       android [global options] create uitest-project [action options]
       Global options:
  -s --silent     : Silent mode, shows errors only.
  -v --verbose    : Verbose mode, shows errors, warnings and all messages.
     --clear-cache: Clear the SDK Manager repository manifest cache.
  -h --help       : Help on a specific command.

                                Action "create uitest-project":
  Creates a new UI test project.
Options:
  -n --name    : Project name.
  -p --path    : The new project's directory. [required]
  -t --target  : Target ID of the new project. [required]
Error: Oops, it looks like you didn't provide an argument for '-t'.
'-p' was found instead.
Buildfile: C:\Users\Workspace\nengliketang\build.xml

-check-env:
 [checkenv] Android SDK Tools Revision 22.0.5
 [checkenv] Installed at D:\robotium\robotiumadt\sdk

-build-setup:
[getbuildtools] Using latest Build Tools: 18.0.1
     [echo] Resolving Build Target for test...
[getuitarget] Project Target:   Android 4.4W
[getuitarget] API level:        20
     [echo] ----------
     [echo] Creating output directories if needed...

-pre-compile:

compile:
    [javac] Compiling 1 source file to C:\Users\Workspace\nengliketang\bin\classes
    [javac] 锟斤拷锟斤拷: [options] 源值1.5锟窖癸拷时, 锟斤拷锟斤拷未锟斤拷锟斤拷锟叫凤拷锟叫帮拷锟斤拷删锟斤拷
    [javac] 锟斤拷锟斤拷: [options] 目锟斤拷值1.5锟窖癸拷时, 锟斤拷锟斤拷未锟斤拷锟斤拷锟叫凤拷锟叫帮拷锟斤拷删锟斤拷
    [javac] 锟斤拷锟斤拷: [options] 要锟斤拷锟斤拷锟叫癸拷锟窖癸拷时选锟斤拷木锟斤拷锟, 锟斤拷使锟斤拷 -Xlint:-options锟斤拷
    [javac] 3 锟斤拷锟斤拷锟斤拷

-post-compile:

-dex:
      [dex] input: C:\Users\Workspace\nengliketang\bin\classes
      [dex] Found Deleted Target File
      [dex] Converting compiled files and external libraries into C:\Users\Workspace\nengliketang\bin\classes.dex...

-post-dex:

-jar:
      [jar] Building jar: C:\Users\Workspace\nengliketang\bin\test.jar

-post-jar:

build:

BUILD SUCCESSFUL
Total time: 2 seconds
140 KB/s (6310 bytes in 0.044s)
INSTRUMENTATION_STATUS: numtests=1

INSTRUMENTATION_STATUS: stream=

com.nengliketang.test.login:

INSTRUMENTATION_STATUS: id=UiAutomatorTestRunner

INSTRUMENTATION_STATUS: test=testregister

INSTRUMENTATION_STATUS: class=com.nengliketang.test.login

INSTRUMENTATION_STATUS: current=1

INSTRUMENTATION_STATUS_CODE: 1

INSTRUMENTATION_STATUS: numtests=1

INSTRUMENTATION_STATUS: stream=.

INSTRUMENTATION_STATUS: id=UiAutomatorTestRunner

INSTRUMENTATION_STATUS: test=testregister

INSTRUMENTATION_STATUS: class=com.nengliketang.test.login

INSTRUMENTATION_STATUS: current=1

INSTRUMENTATION_STATUS_CODE: 0

INSTRUMENTATION_STATUS: stream=

Test results for WatcherResultPrinter=.

Time: 31.944



OK (1 test)





INSTRUMENTATION_STATUS_CODE: -1

Updated file C:\Users\Workspace\nengliketang\build.xml
Buildfile: C:\Users\Workspace\nengliketang\build.xml

-check-env:
 [checkenv] Android SDK Tools Revision 22.0.5
 [checkenv] Installed at D:\robotium\robotiumadt\sdk

-build-setup:
[getbuildtools] Using latest Build Tools: 18.0.1
     [echo] Resolving Build Target for test...
[getuitarget] Project Target:   Android 4.4W
[getuitarget] API level:        20
     [echo] ----------
     [echo] Creating output directories if needed...

-pre-compile:

compile:
    [javac] Compiling 2 source files to C:\Users\Workspace\nengliketang\bin\classes
    [javac] 锟斤拷锟斤拷: [options] 源值1.5锟窖癸拷时, 锟斤拷锟斤拷未锟斤拷锟斤拷锟叫凤拷锟叫帮拷锟斤拷删锟斤拷
    [javac] 锟斤拷锟斤拷: [options] 目锟斤拷值1.5锟窖癸拷时, 锟斤拷锟斤拷未锟斤拷锟斤拷锟叫凤拷锟叫帮拷锟斤拷删锟斤拷
    [javac] 锟斤拷锟斤拷: [options] 要锟斤拷锟斤拷锟叫癸拷锟窖癸拷时选锟斤拷木锟斤拷锟, 锟斤拷使锟斤拷 -Xlint:-options锟斤拷
    [javac] 3 锟斤拷锟斤拷锟斤拷

-post-compile:

-dex:
      [dex] input: C:\Users\Workspace\nengliketang\bin\classes
      [dex] Found Deleted Target File
      [dex] Converting compiled files and external libraries into C:\Users\Workspace\nengliketang\bin\classes.dex...

-post-dex:

-jar:
      [jar] Building jar: C:\Users\Workspace\nengliketang\bin\test.jar

-post-jar:

build:

BUILD SUCCESSFUL
Total time: 2 seconds
128 KB/s (6320 bytes in 0.048s)
INSTRUMENTATION_STATUS: numtests=2

INSTRUMENTATION_STATUS: stream=

com.nengliketang.test.login:

INSTRUMENTATION_STATUS: id=UiAutomatorTestRunner

INSTRUMENTATION_STATUS: test=testlogin

INSTRUMENTATION_STATUS: class=com.nengliketang.test.login

INSTRUMENTATION_STATUS: current=1

INSTRUMENTATION_STATUS_CODE: 1

INSTRUMENTATION_STATUS: numtests=2

INSTRUMENTATION_STATUS: stream=.

INSTRUMENTATION_STATUS: id=UiAutomatorTestRunner

INSTRUMENTATION_STATUS: test=testlogin

INSTRUMENTATION_STATUS: class=com.nengliketang.test.login

INSTRUMENTATION_STATUS: current=1

INSTRUMENTATION_STATUS_CODE: 0

INSTRUMENTATION_STATUS: numtests=2

INSTRUMENTATION_STATUS: stream=

INSTRUMENTATION_STATUS: id=UiAutomatorTestRunner

INSTRUMENTATION_STATUS: test=testregister

INSTRUMENTATION_STATUS: class=com.nengliketang.test.login

INSTRUMENTATION_STATUS: current=2

INSTRUMENTATION_STATUS_CODE: 1

com.android.uiautomator.core.UiObjectNotFoundException: UiSelector[TEXT=藉璇惧]

	at com.android.uiautomator.core.UiObject.click(UiObject.java:392)

	at com.app.test.Publicclass.findablesky(Publicclass.java:26)

	at com.nengliketang.test.login.testregister(login.java:17)

	at java.lang.reflect.Method.invokeNative(Native Method)

	at java.lang.reflect.Method.invoke(Method.java:515)

	at junit.framework.TestCase.runTest(TestCase.java:168)

	at junit.framework.TestCase.runBare(TestCase.java:134)

	at junit.framework.TestResult$1.protect(TestResult.java:115)

	at junit.framework.TestResult.runProtected(TestResult.java:133)

	at junit.framework.TestResult.run(TestResult.java:118)

	at junit.framework.TestCase.run(TestCase.java:124)

	at com.android.uiautomator.testrunner.UiAutomatorTestRunner.start(UiAutomatorTestRunner.java:160)

	at com.android.uiautomator.testrunner.UiAutomatorTestRunner.run(UiAutomatorTestRunner.java:96)

	at com.android.commands.uiautomator.RunTestCommand.run(RunTestCommand.java:91)

	at com.android.commands.uiautomator.Launcher.main(Launcher.java:83)

	at com.android.internal.os.RuntimeInit.nativeFinishInit(Native Method)

	at com.android.internal.os.RuntimeInit.main(RuntimeInit.java:243)

	at dalvik.system.NativeStart.main(Native Method)

com.android.uiautomator.core.UiObjectNotFoundException: UiSelector[TEXT=]

	at com.android.uiautomator.core.UiObject.click(UiObject.java:392)

	at com.app.test.Publicclass.clickMy(Publicclass.java:39)

	at com.nengliketang.test.login.testregister(login.java:18)

	at java.lang.reflect.Method.invokeNative(Native Method)

	at java.lang.reflect.Method.invoke(Method.java:515)

	at junit.framework.TestCase.runTest(TestCase.java:168)

	at junit.framework.TestCase.runBare(TestCase.java:134)

	at junit.framework.TestResult$1.protect(TestResult.java:115)

	at junit.framework.TestResult.runProtected(TestResult.java:133)

	at junit.framework.TestResult.run(TestResult.java:118)

	at junit.framework.TestCase.run(TestCase.java:124)

	at com.android.uiautomator.testrunner.UiAutomatorTestRunner.start(UiAutomatorTestRunner.java:160)

	at com.android.uiautomator.testrunner.UiAutomatorTestRunner.run(UiAutomatorTestRunner.java:96)

	at com.android.commands.uiautomator.RunTestCommand.run(RunTestCommand.java:91)

	at com.android.commands.uiautomator.Launcher.main(Launcher.java:83)

	at com.android.internal.os.RuntimeInit.nativeFinishInit(Native Method)

	at com.android.internal.os.RuntimeInit.main(RuntimeInit.java:243)

	at dalvik.system.NativeStart.main(Native Method)

com.android.uiautomator.core.UiObjectNotFoundException: UiSelector[TEXT=诲/娉ㄥ]

	at com.android.uiautomator.core.UiObject.click(UiObject.java:392)

	at com.app.test.Publicclass.clickLoginAndRegistButton(Publicclass.java:51)

	at com.nengliketang.test.login.testregister(login.java:19)

	at java.lang.reflect.Method.invokeNative(Native Method)

	at java.lang.reflect.Method.invoke(Method.java:515)

	at junit.framework.TestCase.runTest(TestCase.java:168)

	at junit.framework.TestCase.runBare(TestCase.java:134)

	at junit.framework.TestResult$1.protect(TestResult.java:115)

	at junit.framework.TestResult.runProtected(TestResult.java:133)

	at junit.framework.TestResult.run(TestResult.java:118)

	at junit.framework.TestCase.run(TestCase.java:124)

	at com.android.uiautomator.testrunner.UiAutomatorTestRunner.start(UiAutomatorTestRunner.java:160)

	at com.android.uiautomator.testrunner.UiAutomatorTestRunner.run(UiAutomatorTestRunner.java:96)

	at com.android.commands.uiautomator.RunTestCommand.run(RunTestCommand.java:91)

	at com.android.commands.uiautomator.Launcher.main(Launcher.java:83)

	at com.android.internal.os.RuntimeInit.nativeFinishInit(Native Method)

	at com.android.internal.os.RuntimeInit.main(RuntimeInit.java:243)

	at dalvik.system.NativeStart.main(Native Method)

com.android.uiautomator.core.UiObjectNotFoundException: UiSelector[TEXT=蹇娉ㄥ]

	at com.android.uiautomator.core.UiObject.click(UiObject.java:392)

	at com.app.test.Publicclass.clickregisterButton(Publicclass.java:108)

	at com.nengliketang.test.login.testregister(login.java:20)

	at java.lang.reflect.Method.invokeNative(Native Method)

	at java.lang.reflect.Method.invoke(Method.java:515)

	at junit.framework.TestCase.runTest(TestCase.java:168)

	at junit.framework.TestCase.runBare(TestCase.java:134)

	at junit.framework.TestResult$1.protect(TestResult.java:115)

	at junit.framework.TestResult.runProtected(TestResult.java:133)

	at junit.framework.TestResult.run(TestResult.java:118)

	at junit.framework.TestCase.run(TestCase.java:124)

	at com.android.uiautomator.testrunner.UiAutomatorTestRunner.start(UiAutomatorTestRunner.java:160)

	at com.android.uiautomator.testrunner.UiAutomatorTestRunner.run(UiAutomatorTestRunner.java:96)

	at com.android.commands.uiautomator.RunTestCommand.run(RunTestCommand.java:91)

	at com.android.commands.uiautomator.Launcher.main(Launcher.java:83)

	at com.android.internal.os.RuntimeInit.nativeFinishInit(Native Method)

	at com.android.internal.os.RuntimeInit.main(RuntimeInit.java:243)

	at dalvik.system.NativeStart.main(Native Method)

com.android.uiautomator.core.UiObjectNotFoundException: UiSelector[RESOURCE_ID=com.ablesky.ui.activity:id/register_edt_email]

	at com.android.uiautomator.core.UiObject.clearTextField(UiObject.java:623)

	at com.nengliketang.test.login.testregister(login.java:38)

	at java.lang.reflect.Method.invokeNative(Native Method)

	at java.lang.reflect.Method.invoke(Method.java:515)

	at junit.framework.TestCase.runTest(TestCase.java:168)

	at junit.framework.TestCase.runBare(TestCase.java:134)

	at junit.framework.TestResult$1.protect(TestResult.java:115)

	at junit.framework.TestResult.runProtected(TestResult.java:133)

	at junit.framework.TestResult.run(TestResult.java:118)

	at junit.framework.TestCase.run(TestCase.java:124)

	at com.android.uiautomator.testrunner.UiAutomatorTestRunner.start(UiAutomatorTestRunner.java:160)

	at com.android.uiautomator.testrunner.UiAutomatorTestRunner.run(UiAutomatorTestRunner.java:96)

	at com.android.commands.uiautomator.RunTestCommand.run(RunTestCommand.java:91)

	at com.android.commands.uiautomator.Launcher.main(Launcher.java:83)

	at com.android.internal.os.RuntimeInit.nativeFinishInit(Native Method)

	at com.android.internal.os.RuntimeInit.main(RuntimeInit.java:243)

	at dalvik.system.NativeStart.main(Native Method)

INSTRUMENTATION_STATUS: numtests=2

INSTRUMENTATION_STATUS: stream=

Failure in testregister:

junit.framework.AssertionFailedError

	at com.nengliketang.test.login.testregister(login.java:48)

	at java.lang.reflect.Method.invokeNative(Native Method)

	at com.android.uiautomator.testrunner.UiAutomatorTestRunner.start(UiAutomatorTestRunner.java:160)

	at com.android.uiautomator.testrunner.UiAutomatorTestRunner.run(UiAutomatorTestRunner.java:96)

	at com.android.commands.uiautomator.RunTestCommand.run(RunTestCommand.java:91)

	at com.android.commands.uiautomator.Launcher.main(Launcher.java:83)

	at com.android.internal.os.RuntimeInit.nativeFinishInit(Native Method)

	at com.android.internal.os.RuntimeInit.main(RuntimeInit.java:243)

	at dalvik.system.NativeStart.main(Native Method)



INSTRUMENTATION_STATUS: id=UiAutomatorTestRunner

INSTRUMENTATION_STATUS: test=testregister

INSTRUMENTATION_STATUS: class=com.nengliketang.test.login

INSTRUMENTATION_STATUS: stack=junit.framework.AssertionFailedError

	at com.nengliketang.test.login.testregister(login.java:48)

	at java.lang.reflect.Method.invokeNative(Native Method)

	at com.android.uiautomator.testrunner.UiAutomatorTestRunner.start(UiAutomatorTestRunner.java:160)

	at com.android.uiautomator.testrunner.UiAutomatorTestRunner.run(UiAutomatorTestRunner.java:96)

	at com.android.commands.uiautomator.RunTestCommand.run(RunTestCommand.java:91)

	at com.android.commands.uiautomator.Launcher.main(Launcher.java:83)

	at com.android.internal.os.RuntimeInit.nativeFinishInit(Native Method)

	at com.android.internal.os.RuntimeInit.main(RuntimeInit.java:243)

	at dalvik.system.NativeStart.main(Native Method)



INSTRUMENTATION_STATUS: current=2

INSTRUMENTATION_STATUS_CODE: -2

INSTRUMENTATION_STATUS: stream=

Test results for WatcherResultPrinter=..F

Time: 87.829



FAILURES!!!

Tests run: 2,  Failures: 1,  Errors: 0





INSTRUMENTATION_STATUS_CODE: -1

Updated file C:\Users\Workspace\nengliketang\build.xml
Buildfile: C:\Users\Workspace\nengliketang\build.xml

-check-env:
 [checkenv] Android SDK Tools Revision 22.0.5
 [checkenv] Installed at D:\robotium\robotiumadt\sdk

-build-setup:
[getbuildtools] Using latest Build Tools: 18.0.1
     [echo] Resolving Build Target for test...
[getuitarget] Project Target:   Android 4.4W
[getuitarget] API level:        20
     [echo] ----------
     [echo] Creating output directories if needed...

-pre-compile:

compile:
    [javac] Compiling 3 source files to C:\Users\Workspace\nengliketang\bin\classes
    [javac] 锟斤拷锟斤拷: [options] 源值1.5锟窖癸拷时, 锟斤拷锟斤拷未锟斤拷锟斤拷锟叫凤拷锟叫帮拷锟斤拷删锟斤拷
    [javac] 锟斤拷锟斤拷: [options] 目锟斤拷值1.5锟窖癸拷时, 锟斤拷锟斤拷未锟斤拷锟斤拷锟叫凤拷锟叫帮拷锟斤拷删锟斤拷
    [javac] 锟斤拷锟斤拷: [options] 要锟斤拷锟斤拷锟叫癸拷锟窖癸拷时选锟斤拷木锟斤拷锟, 锟斤拷使锟斤拷 -Xlint:-options锟斤拷
    [javac] 3 锟斤拷锟斤拷锟斤拷

-post-compile:

-dex:
      [dex] input: C:\Users\Workspace\nengliketang\bin\classes
      [dex] Found Deleted Target File
      [dex] Converting compiled files and external libraries into C:\Users\Workspace\nengliketang\bin\classes.dex...

-post-dex:

-jar:
      [jar] Building jar: C:\Users\Workspace\nengliketang\bin\test.jar

-post-jar:

build:

BUILD SUCCESSFUL
Total time: 2 seconds
150 KB/s (6493 bytes in 0.042s)
INSTRUMENTATION_STATUS: numtests=1

INSTRUMENTATION_STATUS: stream=

com.nengliketang.test.login:

INSTRUMENTATION_STATUS: id=UiAutomatorTestRunner

INSTRUMENTATION_STATUS: test=testregister

INSTRUMENTATION_STATUS: class=com.nengliketang.test.login

INSTRUMENTATION_STATUS: current=1

INSTRUMENTATION_STATUS_CODE: 1

INSTRUMENTATION_STATUS: numtests=1

INSTRUMENTATION_STATUS: stream=

Failure in testregister:

junit.framework.AssertionFailedError

	at com.nengliketang.test.login.testregister(login.java:50)

	at java.lang.reflect.Method.invokeNative(Native Method)

	at com.android.uiautomator.testrunner.UiAutomatorTestRunner.start(UiAutomatorTestRunner.java:160)

	at com.android.uiautomator.testrunner.UiAutomatorTestRunner.run(UiAutomatorTestRunner.java:96)

	at com.android.commands.uiautomator.RunTestCommand.run(RunTestCommand.java:91)

	at com.android.commands.uiautomator.Launcher.main(Launcher.java:83)

	at com.android.internal.os.RuntimeInit.nativeFinishInit(Native Method)

	at com.android.internal.os.RuntimeInit.main(RuntimeInit.java:243)

	at dalvik.system.NativeStart.main(Native Method)



INSTRUMENTATION_STATUS: id=UiAutomatorTestRunner

INSTRUMENTATION_STATUS: test=testregister

INSTRUMENTATION_STATUS: class=com.nengliketang.test.login

INSTRUMENTATION_STATUS: stack=junit.framework.AssertionFailedError

	at com.nengliketang.test.login.testregister(login.java:50)

	at java.lang.reflect.Method.invokeNative(Native Method)

	at com.android.uiautomator.testrunner.UiAutomatorTestRunner.start(UiAutomatorTestRunner.java:160)

	at com.android.uiautomator.testrunner.UiAutomatorTestRunner.run(UiAutomatorTestRunner.java:96)

	at com.android.commands.uiautomator.RunTestCommand.run(RunTestCommand.java:91)

	at com.android.commands.uiautomator.Launcher.main(Launcher.java:83)

	at com.android.internal.os.RuntimeInit.nativeFinishInit(Native Method)

	at com.android.internal.os.RuntimeInit.main(RuntimeInit.java:243)

	at dalvik.system.NativeStart.main(Native Method)



INSTRUMENTATION_STATUS: current=1

INSTRUMENTATION_STATUS_CODE: -2

INSTRUMENTATION_STATUS: stream=

Test results for WatcherResultPrinter=.F

Time: 33.524



FAILURES!!!

Tests run: 1,  Failures: 1,  Errors: 0





INSTRUMENTATION_STATUS_CODE: -1

Updated file C:\Users\Workspace\nengliketang\build.xml
Buildfile: C:\Users\Workspace\nengliketang\build.xml

-check-env:
 [checkenv] Android SDK Tools Revision 22.0.5
 [checkenv] Installed at D:\robotium\robotiumadt\sdk

-build-setup:
[getbuildtools] Using latest Build Tools: 18.0.1
     [echo] Resolving Build Target for test...
[getuitarget] Project Target:   Android 4.4W
[getuitarget] API level:        20
     [echo] ----------
     [echo] Creating output directories if needed...

-pre-compile:

compile:
    [javac] Compiling 2 source files to C:\Users\Workspace\nengliketang\bin\classes
    [javac] 锟斤拷锟斤拷: [options] 源值1.5锟窖癸拷时, 锟斤拷锟斤拷未锟斤拷锟斤拷锟叫凤拷锟叫帮拷锟斤拷删锟斤拷
    [javac] 锟斤拷锟斤拷: [options] 目锟斤拷值1.5锟窖癸拷时, 锟斤拷锟斤拷未锟斤拷锟斤拷锟叫凤拷锟叫帮拷锟斤拷删锟斤拷
    [javac] 锟斤拷锟斤拷: [options] 要锟斤拷锟斤拷锟叫癸拷锟窖癸拷时选锟斤拷木锟斤拷锟, 锟斤拷使锟斤拷 -Xlint:-options锟斤拷
    [javac] 3 锟斤拷锟斤拷锟斤拷

-post-compile:

-dex:
      [dex] input: C:\Users\Workspace\nengliketang\bin\classes
      [dex] Found Deleted Target File
      [dex] Converting compiled files and external libraries into C:\Users\Workspace\nengliketang\bin\classes.dex...

-post-dex:

-jar:
      [jar] Building jar: C:\Users\Workspace\nengliketang\bin\test.jar

-post-jar:

build:

BUILD SUCCESSFUL
Total time: 2 seconds
140 KB/s (6495 bytes in 0.045s)
INSTRUMENTATION_STATUS: numtests=1

INSTRUMENTATION_STATUS: stream=

com.nengliketang.test.login:

INSTRUMENTATION_STATUS: id=UiAutomatorTestRunner

INSTRUMENTATION_STATUS: test=testregister

INSTRUMENTATION_STATUS: class=com.nengliketang.test.login

INSTRUMENTATION_STATUS: current=1

INSTRUMENTATION_STATUS_CODE: 1

com.android.uiautomator.core.UiObjectNotFoundException: UiSelector[RESOURCE_ID=com.ablesky.ui.activity:id/setting]

	at com.android.uiautomator.core.UiObject.click(UiObject.java:392)

	at com.app.test.Publicclass.clickSettings(Publicclass.java:141)

	at com.nengliketang.test.login.testregister(login.java:50)

	at java.lang.reflect.Method.invokeNative(Native Method)

	at java.lang.reflect.Method.invoke(Method.java:515)

	at junit.framework.TestCase.runTest(TestCase.java:168)

	at junit.framework.TestCase.runBare(TestCase.java:134)

	at junit.framework.TestResult$1.protect(TestResult.java:115)

	at junit.framework.TestResult.runProtected(TestResult.java:133)

	at junit.framework.TestResult.run(TestResult.java:118)

	at junit.framework.TestCase.run(TestCase.java:124)

	at com.android.uiautomator.testrunner.UiAutomatorTestRunner.start(UiAutomatorTestRunner.java:160)

	at com.android.uiautomator.testrunner.UiAutomatorTestRunner.run(UiAutomatorTestRunner.java:96)

	at com.android.commands.uiautomator.RunTestCommand.run(RunTestCommand.java:91)

	at com.android.commands.uiautomator.Launcher.main(Launcher.java:83)

	at com.android.internal.os.RuntimeInit.nativeFinishInit(Native Method)

	at com.android.internal.os.RuntimeInit.main(RuntimeInit.java:243)

	at dalvik.system.NativeStart.main(Native Method)

com.android.uiautomator.core.UiObjectNotFoundException: UiSelector[TEXT=虹诲]

	at com.android.uiautomator.core.UiObject.click(UiObject.java:392)

	at com.app.test.Publicclass.clickLogout(Publicclass.java:156)

	at com.nengliketang.test.login.testregister(login.java:51)

	at java.lang.reflect.Method.invokeNative(Native Method)

	at java.lang.reflect.Method.invoke(Method.java:515)

	at junit.framework.TestCase.runTest(TestCase.java:168)

	at junit.framework.TestCase.runBare(TestCase.java:134)

	at junit.framework.TestResult$1.protect(TestResult.java:115)

	at junit.framework.TestResult.runProtected(TestResult.java:133)

	at junit.framework.TestResult.run(TestResult.java:118)

	at junit.framework.TestCase.run(TestCase.java:124)

	at com.android.uiautomator.testrunner.UiAutomatorTestRunner.start(UiAutomatorTestRunner.java:160)

	at com.android.uiautomator.testrunner.UiAutomatorTestRunner.run(UiAutomatorTestRunner.java:96)

	at com.android.commands.uiautomator.RunTestCommand.run(RunTestCommand.java:91)

	at com.android.commands.uiautomator.Launcher.main(Launcher.java:83)

	at com.android.internal.os.RuntimeInit.nativeFinishInit(Native Method)

	at com.android.internal.os.RuntimeInit.main(RuntimeInit.java:243)

	at dalvik.system.NativeStart.main(Native Method)

INSTRUMENTATION_STATUS: numtests=1

INSTRUMENTATION_STATUS: stream=.

INSTRUMENTATION_STATUS: id=UiAutomatorTestRunner

INSTRUMENTATION_STATUS: test=testregister

INSTRUMENTATION_STATUS: class=com.nengliketang.test.login

INSTRUMENTATION_STATUS: current=1

INSTRUMENTATION_STATUS_CODE: 0

INSTRUMENTATION_STATUS: stream=

Test results for WatcherResultPrinter=.

Time: 59.403



OK (1 test)





INSTRUMENTATION_STATUS_CODE: -1

Updated file C:\Users\Workspace\nengliketang\build.xml
Buildfile: C:\Users\Workspace\nengliketang\build.xml

-check-env:
 [checkenv] Android SDK Tools Revision 22.0.5
 [checkenv] Installed at D:\robotium\robotiumadt\sdk

-build-setup:
[getbuildtools] Using latest Build Tools: 18.0.1
     [echo] Resolving Build Target for test...
[getuitarget] Project Target:   Android 4.4W
[getuitarget] API level:        20
     [echo] ----------
     [echo] Creating output directories if needed...

-pre-compile:

compile:

-post-compile:

-dex:
      [dex] input: C:\Users\Workspace\nengliketang\bin\classes
      [dex] Found Deleted Target File
      [dex] Converting compiled files and external libraries into C:\Users\Workspace\nengliketang\bin\classes.dex...

-post-dex:

-jar:
      [jar] Building jar: C:\Users\Workspace\nengliketang\bin\test.jar

-post-jar:

build:

BUILD SUCCESSFUL
Total time: 2 seconds
111 KB/s (6495 bytes in 0.057s)
INSTRUMENTATION_STATUS: numtests=1

INSTRUMENTATION_STATUS: stream=

com.nengliketang.test.login:

INSTRUMENTATION_STATUS: id=UiAutomatorTestRunner

INSTRUMENTATION_STATUS: test=testregister

INSTRUMENTATION_STATUS: class=com.nengliketang.test.login

INSTRUMENTATION_STATUS: current=1

INSTRUMENTATION_STATUS_CODE: 1

com.android.uiautomator.core.UiObjectNotFoundException: UiSelector[RESOURCE_ID=com.ablesky.ui.activity:id/setting]

	at com.android.uiautomator.core.UiObject.click(UiObject.java:392)

	at com.app.test.Publicclass.clickSettings(Publicclass.java:141)

	at com.nengliketang.test.login.testregister(login.java:50)

	at java.lang.reflect.Method.invokeNative(Native Method)

	at java.lang.reflect.Method.invoke(Method.java:515)

	at junit.framework.TestCase.runTest(TestCase.java:168)

	at junit.framework.TestCase.runBare(TestCase.java:134)

	at junit.framework.TestResult$1.protect(TestResult.java:115)

	at junit.framework.TestResult.runProtected(TestResult.java:133)

	at junit.framework.TestResult.run(TestResult.java:118)

	at junit.framework.TestCase.run(TestCase.java:124)

	at com.android.uiautomator.testrunner.UiAutomatorTestRunner.start(UiAutomatorTestRunner.java:160)

	at com.android.uiautomator.testrunner.UiAutomatorTestRunner.run(UiAutomatorTestRunner.java:96)

	at com.android.commands.uiautomator.RunTestCommand.run(RunTestCommand.java:91)

	at com.android.commands.uiautomator.Launcher.main(Launcher.java:83)

	at com.android.internal.os.RuntimeInit.nativeFinishInit(Native Method)

	at com.android.internal.os.RuntimeInit.main(RuntimeInit.java:243)

	at dalvik.system.NativeStart.main(Native Method)

com.android.uiautomator.core.UiObjectNotFoundException: UiSelector[TEXT=虹诲]

	at com.android.uiautomator.core.UiObject.click(UiObject.java:392)

	at com.app.test.Publicclass.clickLogout(Publicclass.java:156)

	at com.nengliketang.test.login.testregister(login.java:51)

	at java.lang.reflect.Method.invokeNative(Native Method)

	at java.lang.reflect.Method.invoke(Method.java:515)

	at junit.framework.TestCase.runTest(TestCase.java:168)

	at junit.framework.TestCase.runBare(TestCase.java:134)

	at junit.framework.TestResult$1.protect(TestResult.java:115)

	at junit.framework.TestResult.runProtected(TestResult.java:133)

	at junit.framework.TestResult.run(TestResult.java:118)

	at junit.framework.TestCase.run(TestCase.java:124)

	at com.android.uiautomator.testrunner.UiAutomatorTestRunner.start(UiAutomatorTestRunner.java:160)

	at com.android.uiautomator.testrunner.UiAutomatorTestRunner.run(UiAutomatorTestRunner.java:96)

	at com.android.commands.uiautomator.RunTestCommand.run(RunTestCommand.java:91)

	at com.android.commands.uiautomator.Launcher.main(Launcher.java:83)

	at com.android.internal.os.RuntimeInit.nativeFinishInit(Native Method)

	at com.android.internal.os.RuntimeInit.main(RuntimeInit.java:243)

	at dalvik.system.NativeStart.main(Native Method)

INSTRUMENTATION_STATUS: numtests=1

INSTRUMENTATION_STATUS: stream=.

INSTRUMENTATION_STATUS: id=UiAutomatorTestRunner

INSTRUMENTATION_STATUS: test=testregister

INSTRUMENTATION_STATUS: class=com.nengliketang.test.login

INSTRUMENTATION_STATUS: current=1

INSTRUMENTATION_STATUS_CODE: 0

INSTRUMENTATION_STATUS: stream=

Test results for WatcherResultPrinter=.

Time: 60.119



OK (1 test)





INSTRUMENTATION_STATUS_CODE: -1

Updated file C:\Users\Workspace\nengliketang\build.xml
Buildfile: C:\Users\Workspace\nengliketang\build.xml

-check-env:
 [checkenv] Android SDK Tools Revision 22.0.5
 [checkenv] Installed at D:\robotium\robotiumadt\sdk

-build-setup:
[getbuildtools] Using latest Build Tools: 18.0.1
     [echo] Resolving Build Target for test...
[getuitarget] Project Target:   Android 4.4W
[getuitarget] API level:        20
     [echo] ----------
     [echo] Creating output directories if needed...

-pre-compile:

compile:

-post-compile:

-dex:
      [dex] input: C:\Users\Workspace\nengliketang\bin\classes
      [dex] Found Deleted Target File
      [dex] Converting compiled files and external libraries into C:\Users\Workspace\nengliketang\bin\classes.dex...

-post-dex:

-jar:
      [jar] Building jar: C:\Users\Workspace\nengliketang\bin\test.jar

-post-jar:

build:

BUILD SUCCESSFUL
Total time: 1 second
126 KB/s (6495 bytes in 0.050s)
INSTRUMENTATION_STATUS: numtests=1

INSTRUMENTATION_STATUS: stream=

com.nengliketang.test.login:

INSTRUMENTATION_STATUS: id=UiAutomatorTestRunner

INSTRUMENTATION_STATUS: test=testregister

INSTRUMENTATION_STATUS: class=com.nengliketang.test.login

INSTRUMENTATION_STATUS: current=1

INSTRUMENTATION_STATUS_CODE: 1

com.android.uiautomator.core.UiObjectNotFoundException: UiSelector[RESOURCE_ID=com.ablesky.ui.activity:id/setting]

	at com.android.uiautomator.core.UiObject.click(UiObject.java:392)

	at com.app.test.Publicclass.clickSettings(Publicclass.java:141)

	at com.nengliketang.test.login.testregister(login.java:50)

	at java.lang.reflect.Method.invokeNative(Native Method)

	at java.lang.reflect.Method.invoke(Method.java:515)

	at junit.framework.TestCase.runTest(TestCase.java:168)

	at junit.framework.TestCase.runBare(TestCase.java:134)

	at junit.framework.TestResult$1.protect(TestResult.java:115)

	at junit.framework.TestResult.runProtected(TestResult.java:133)

	at junit.framework.TestResult.run(TestResult.java:118)

	at junit.framework.TestCase.run(TestCase.java:124)

	at com.android.uiautomator.testrunner.UiAutomatorTestRunner.start(UiAutomatorTestRunner.java:160)

	at com.android.uiautomator.testrunner.UiAutomatorTestRunner.run(UiAutomatorTestRunner.java:96)

	at com.android.commands.uiautomator.RunTestCommand.run(RunTestCommand.java:91)

	at com.android.commands.uiautomator.Launcher.main(Launcher.java:83)

	at com.android.internal.os.RuntimeInit.nativeFinishInit(Native Method)

	at com.android.internal.os.RuntimeInit.main(RuntimeInit.java:243)

	at dalvik.system.NativeStart.main(Native Method)

com.android.uiautomator.core.UiObjectNotFoundException: UiSelector[TEXT=虹诲]

	at com.android.uiautomator.core.UiObject.click(UiObject.java:392)

	at com.app.test.Publicclass.clickLogout(Publicclass.java:156)

	at com.nengliketang.test.login.testregister(login.java:51)

	at java.lang.reflect.Method.invokeNative(Native Method)

	at java.lang.reflect.Method.invoke(Method.java:515)

	at junit.framework.TestCase.runTest(TestCase.java:168)

	at junit.framework.TestCase.runBare(TestCase.java:134)

	at junit.framework.TestResult$1.protect(TestResult.java:115)

	at junit.framework.TestResult.runProtected(TestResult.java:133)

	at junit.framework.TestResult.run(TestResult.java:118)

	at junit.framework.TestCase.run(TestCase.java:124)

	at com.android.uiautomator.testrunner.UiAutomatorTestRunner.start(UiAutomatorTestRunner.java:160)

	at com.android.uiautomator.testrunner.UiAutomatorTestRunner.run(UiAutomatorTestRunner.java:96)

	at com.android.commands.uiautomator.RunTestCommand.run(RunTestCommand.java:91)

	at com.android.commands.uiautomator.Launcher.main(Launcher.java:83)

	at com.android.internal.os.RuntimeInit.nativeFinishInit(Native Method)

	at com.android.internal.os.RuntimeInit.main(RuntimeInit.java:243)

	at dalvik.system.NativeStart.main(Native Method)

INSTRUMENTATION_STATUS: numtests=1

INSTRUMENTATION_STATUS: stream=.

INSTRUMENTATION_STATUS: id=UiAutomatorTestRunner

INSTRUMENTATION_STATUS: test=testregister

INSTRUMENTATION_STATUS: class=com.nengliketang.test.login

INSTRUMENTATION_STATUS: current=1

INSTRUMENTATION_STATUS_CODE: 0

INSTRUMENTATION_STATUS: stream=

Test results for WatcherResultPrinter=.

Time: 59.305



OK (1 test)





INSTRUMENTATION_STATUS_CODE: -1

Updated file C:\Users\Workspace\nengliketang\build.xml
Buildfile: C:\Users\Workspace\nengliketang\build.xml

-check-env:
 [checkenv] Android SDK Tools Revision 22.0.5
 [checkenv] Installed at D:\robotium\robotiumadt\sdk

-build-setup:
[getbuildtools] Using latest Build Tools: 18.0.1
     [echo] Resolving Build Target for test...
[getuitarget] Project Target:   Android 4.4W
[getuitarget] API level:        20
     [echo] ----------
     [echo] Creating output directories if needed...

-pre-compile:

compile:
    [javac] Compiling 1 source file to C:\Users\Workspace\nengliketang\bin\classes
    [javac] 锟斤拷锟斤拷: [options] 源值1.5锟窖癸拷时, 锟斤拷锟斤拷未锟斤拷锟斤拷锟叫凤拷锟叫帮拷锟斤拷删锟斤拷
    [javac] 锟斤拷锟斤拷: [options] 目锟斤拷值1.5锟窖癸拷时, 锟斤拷锟斤拷未锟斤拷锟斤拷锟叫凤拷锟叫帮拷锟斤拷删锟斤拷
    [javac] 锟斤拷锟斤拷: [options] 要锟斤拷锟斤拷锟叫癸拷锟窖癸拷时选锟斤拷木锟斤拷锟, 锟斤拷使锟斤拷 -Xlint:-options锟斤拷
    [javac] 3 锟斤拷锟斤拷锟斤拷

-post-compile:

-dex:
      [dex] input: C:\Users\Workspace\nengliketang\bin\classes
      [dex] Found Deleted Target File
      [dex] Converting compiled files and external libraries into C:\Users\Workspace\nengliketang\bin\classes.dex...

-post-dex:

-jar:
      [jar] Building jar: C:\Users\Workspace\nengliketang\bin\test.jar

-post-jar:

build:

BUILD SUCCESSFUL
Total time: 3 seconds
145 KB/s (6540 bytes in 0.044s)
INSTRUMENTATION_STATUS: numtests=1

INSTRUMENTATION_STATUS: stream=

com.nengliketang.test.login:

INSTRUMENTATION_STATUS: id=UiAutomatorTestRunner

INSTRUMENTATION_STATUS: test=testregister

INSTRUMENTATION_STATUS: class=com.nengliketang.test.login

INSTRUMENTATION_STATUS: current=1

INSTRUMENTATION_STATUS_CODE: 1

com.android.uiautomator.core.UiObjectNotFoundException: UiSelector[TEXT=虹诲]

	at com.android.uiautomator.core.UiObject.click(UiObject.java:392)

	at com.app.test.Publicclass.clickLogout(Publicclass.java:156)

	at com.nengliketang.test.login.testregister(login.java:53)

	at java.lang.reflect.Method.invokeNative(Native Method)

	at java.lang.reflect.Method.invoke(Method.java:515)

	at junit.framework.TestCase.runTest(TestCase.java:168)

	at junit.framework.TestCase.runBare(TestCase.java:134)

	at junit.framework.TestResult$1.protect(TestResult.java:115)

	at junit.framework.TestResult.runProtected(TestResult.java:133)

	at junit.framework.TestResult.run(TestResult.java:118)

	at junit.framework.TestCase.run(TestCase.java:124)

	at com.android.uiautomator.testrunner.UiAutomatorTestRunner.start(UiAutomatorTestRunner.java:160)

	at com.android.uiautomator.testrunner.UiAutomatorTestRunner.run(UiAutomatorTestRunner.java:96)

	at com.android.commands.uiautomator.RunTestCommand.run(RunTestCommand.java:91)

	at com.android.commands.uiautomator.Launcher.main(Launcher.java:83)

	at com.android.internal.os.RuntimeInit.nativeFinishInit(Native Method)

	at com.android.internal.os.RuntimeInit.main(RuntimeInit.java:243)

	at dalvik.system.NativeStart.main(Native Method)

INSTRUMENTATION_STATUS: numtests=1

INSTRUMENTATION_STATUS: stream=.

INSTRUMENTATION_STATUS: id=UiAutomatorTestRunner

INSTRUMENTATION_STATUS: test=testregister

INSTRUMENTATION_STATUS: class=com.nengliketang.test.login

INSTRUMENTATION_STATUS: current=1

INSTRUMENTATION_STATUS_CODE: 0

INSTRUMENTATION_STATUS: stream=

Test results for WatcherResultPrinter=.

Time: 162.211



OK (1 test)





INSTRUMENTATION_STATUS_CODE: -1

Updated file C:\Users\Workspace\nengliketang\build.xml
Buildfile: C:\Users\Workspace\nengliketang\build.xml

-check-env:
 [checkenv] Android SDK Tools Revision 22.0.5
 [checkenv] Installed at D:\robotium\robotiumadt\sdk

-build-setup:
[getbuildtools] Using latest Build Tools: 18.0.1
     [echo] Resolving Build Target for test...
[getuitarget] Project Target:   Android 4.4W
[getuitarget] API level:        20
     [echo] ----------
     [echo] Creating output directories if needed...

-pre-compile:

compile:
    [javac] Compiling 1 source file to C:\Users\Workspace\nengliketang\bin\classes
    [javac] 锟斤拷锟斤拷: [options] 源值1.5锟窖癸拷时, 锟斤拷锟斤拷未锟斤拷锟斤拷锟叫凤拷锟叫帮拷锟斤拷删锟斤拷
    [javac] 锟斤拷锟斤拷: [options] 目锟斤拷值1.5锟窖癸拷时, 锟斤拷锟斤拷未锟斤拷锟斤拷锟叫凤拷锟叫帮拷锟斤拷删锟斤拷
    [javac] 锟斤拷锟斤拷: [options] 要锟斤拷锟斤拷锟叫癸拷锟窖癸拷时选锟斤拷木锟斤拷锟, 锟斤拷使锟斤拷 -Xlint:-options锟斤拷
    [javac] 3 锟斤拷锟斤拷锟斤拷

-post-compile:

-dex:
      [dex] input: C:\Users\Workspace\nengliketang\bin\classes
      [dex] Found Deleted Target File
      [dex] Converting compiled files and external libraries into C:\Users\Workspace\nengliketang\bin\classes.dex...

-post-dex:

-jar:
      [jar] Building jar: C:\Users\Workspace\nengliketang\bin\test.jar

-post-jar:

build:

BUILD SUCCESSFUL
Total time: 2 seconds
159 KB/s (6537 bytes in 0.040s)
INSTRUMENTATION_STATUS: numtests=1

INSTRUMENTATION_STATUS: stream=

com.nengliketang.test.login:

INSTRUMENTATION_STATUS: id=UiAutomatorTestRunner

INSTRUMENTATION_STATUS: test=testregister

INSTRUMENTATION_STATUS: class=com.nengliketang.test.login

INSTRUMENTATION_STATUS: current=1

INSTRUMENTATION_STATUS_CODE: 1

INSTRUMENTATION_STATUS: numtests=1

INSTRUMENTATION_STATUS: stream=.

INSTRUMENTATION_STATUS: id=UiAutomatorTestRunner

INSTRUMENTATION_STATUS: test=testregister

INSTRUMENTATION_STATUS: class=com.nengliketang.test.login

INSTRUMENTATION_STATUS: current=1

INSTRUMENTATION_STATUS_CODE: 0

INSTRUMENTATION_STATUS: stream=

Test results for WatcherResultPrinter=.

Time: 43.703



OK (1 test)





INSTRUMENTATION_STATUS_CODE: -1

Updated file C:\Users\Workspace\nengliketang\build.xml
Buildfile: C:\Users\Workspace\nengliketang\build.xml

-check-env:
 [checkenv] Android SDK Tools Revision 22.0.5
 [checkenv] Installed at D:\robotium\robotiumadt\sdk

-build-setup:
[getbuildtools] Using latest Build Tools: 18.0.1
     [echo] Resolving Build Target for test...
[getuitarget] Project Target:   Android 4.4W
[getuitarget] API level:        20
     [echo] ----------
     [echo] Creating output directories if needed...

-pre-compile:

compile:
    [javac] Compiling 2 source files to C:\Users\Workspace\nengliketang\bin\classes
    [javac] 锟斤拷锟斤拷: [options] 源值1.5锟窖癸拷时, 锟斤拷锟斤拷未锟斤拷锟斤拷锟叫凤拷锟叫帮拷锟斤拷删锟斤拷
    [javac] 锟斤拷锟斤拷: [options] 目锟斤拷值1.5锟窖癸拷时, 锟斤拷锟斤拷未锟斤拷锟斤拷锟叫凤拷锟叫帮拷锟斤拷删锟斤拷
    [javac] 锟斤拷锟斤拷: [options] 要锟斤拷锟斤拷锟叫癸拷锟窖癸拷时选锟斤拷木锟斤拷锟, 锟斤拷使锟斤拷 -Xlint:-options锟斤拷
    [javac] 3 锟斤拷锟斤拷锟斤拷

-post-compile:

-dex:
      [dex] input: C:\Users\Workspace\nengliketang\bin\classes
      [dex] Found Deleted Target File
      [dex] Converting compiled files and external libraries into C:\Users\Workspace\nengliketang\bin\classes.dex...

-post-dex:

-jar:
      [jar] Building jar: C:\Users\Workspace\nengliketang\bin\test.jar

-post-jar:

build:

BUILD SUCCESSFUL
Total time: 2 seconds
145 KB/s (6548 bytes in 0.044s)
INSTRUMENTATION_STATUS: numtests=1

INSTRUMENTATION_STATUS: stream=

com.nengliketang.test.login:

INSTRUMENTATION_STATUS: id=UiAutomatorTestRunner

INSTRUMENTATION_STATUS: test=testlogin

INSTRUMENTATION_STATUS: class=com.nengliketang.test.login

INSTRUMENTATION_STATUS: current=1

INSTRUMENTATION_STATUS_CODE: 1

INSTRUMENTATION_STATUS: numtests=1

INSTRUMENTATION_STATUS: stream=

Failure in testlogin:

junit.framework.AssertionFailedError

	at com.nengliketang.test.login.testlogin(login.java:70)

	at java.lang.reflect.Method.invokeNative(Native Method)

	at com.android.uiautomator.testrunner.UiAutomatorTestRunner.start(UiAutomatorTestRunner.java:160)

	at com.android.uiautomator.testrunner.UiAutomatorTestRunner.run(UiAutomatorTestRunner.java:96)

	at com.android.commands.uiautomator.RunTestCommand.run(RunTestCommand.java:91)

	at com.android.commands.uiautomator.Launcher.main(Launcher.java:83)

	at com.android.internal.os.RuntimeInit.nativeFinishInit(Native Method)

	at com.android.internal.os.RuntimeInit.main(RuntimeInit.java:243)

	at dalvik.system.NativeStart.main(Native Method)



INSTRUMENTATION_STATUS: id=UiAutomatorTestRunner

INSTRUMENTATION_STATUS: test=testlogin

INSTRUMENTATION_STATUS: class=com.nengliketang.test.login

INSTRUMENTATION_STATUS: stack=junit.framework.AssertionFailedError

	at com.nengliketang.test.login.testlogin(login.java:70)

	at java.lang.reflect.Method.invokeNative(Native Method)

	at com.android.uiautomator.testrunner.UiAutomatorTestRunner.start(UiAutomatorTestRunner.java:160)

	at com.android.uiautomator.testrunner.UiAutomatorTestRunner.run(UiAutomatorTestRunner.java:96)

	at com.android.commands.uiautomator.RunTestCommand.run(RunTestCommand.java:91)

	at com.android.commands.uiautomator.Launcher.main(Launcher.java:83)

	at com.android.internal.os.RuntimeInit.nativeFinishInit(Native Method)

	at com.android.internal.os.RuntimeInit.main(RuntimeInit.java:243)

	at dalvik.system.NativeStart.main(Native Method)



INSTRUMENTATION_STATUS: current=1

INSTRUMENTATION_STATUS_CODE: -2

INSTRUMENTATION_STATUS: stream=

Test results for WatcherResultPrinter=.F

Time: 30.636



FAILURES!!!

Tests run: 1,  Failures: 1,  Errors: 0





INSTRUMENTATION_STATUS_CODE: -1

Updated file C:\Users\Workspace\nengliketang\build.xml
Buildfile: C:\Users\Workspace\nengliketang\build.xml

-check-env:
 [checkenv] Android SDK Tools Revision 22.0.5
 [checkenv] Installed at D:\robotium\robotiumadt\sdk

-build-setup:
[getbuildtools] Using latest Build Tools: 18.0.1
     [echo] Resolving Build Target for test...
[getuitarget] Project Target:   Android 4.4W
[getuitarget] API level:        20
     [echo] ----------
     [echo] Creating output directories if needed...

-pre-compile:

compile:
    [javac] Compiling 1 source file to C:\Users\Workspace\nengliketang\bin\classes
    [javac] 锟斤拷锟斤拷: [options] 源值1.5锟窖癸拷时, 锟斤拷锟斤拷未锟斤拷锟斤拷锟叫凤拷锟叫帮拷锟斤拷删锟斤拷
    [javac] 锟斤拷锟斤拷: [options] 目锟斤拷值1.5锟窖癸拷时, 锟斤拷锟斤拷未锟斤拷锟斤拷锟叫凤拷锟叫帮拷锟斤拷删锟斤拷
    [javac] 锟斤拷锟斤拷: [options] 要锟斤拷锟斤拷锟叫癸拷锟窖癸拷时选锟斤拷木锟斤拷锟, 锟斤拷使锟斤拷 -Xlint:-options锟斤拷
    [javac] 3 锟斤拷锟斤拷锟斤拷

-post-compile:

-dex:
      [dex] input: C:\Users\Workspace\nengliketang\bin\classes
      [dex] Found Deleted Target File
      [dex] Converting compiled files and external libraries into C:\Users\Workspace\nengliketang\bin\classes.dex...

-post-dex:

-jar:
      [jar] Building jar: C:\Users\Workspace\nengliketang\bin\test.jar

-post-jar:

build:

BUILD SUCCESSFUL
Total time: 2 seconds
168 KB/s (6551 bytes in 0.038s)
INSTRUMENTATION_STATUS: numtests=1

INSTRUMENTATION_STATUS: stream=

com.nengliketang.test.login:

INSTRUMENTATION_STATUS: id=UiAutomatorTestRunner

INSTRUMENTATION_STATUS: test=testlogin

INSTRUMENTATION_STATUS: class=com.nengliketang.test.login

INSTRUMENTATION_STATUS: current=1

INSTRUMENTATION_STATUS_CODE: 1

INSTRUMENTATION_STATUS: numtests=1

INSTRUMENTATION_STATUS: stream=

Failure in testlogin:

junit.framework.AssertionFailedError

	at com.nengliketang.test.login.testlogin(login.java:70)

	at java.lang.reflect.Method.invokeNative(Native Method)

	at com.android.uiautomator.testrunner.UiAutomatorTestRunner.start(UiAutomatorTestRunner.java:160)

	at com.android.uiautomator.testrunner.UiAutomatorTestRunner.run(UiAutomatorTestRunner.java:96)

	at com.android.commands.uiautomator.RunTestCommand.run(RunTestCommand.java:91)

	at com.android.commands.uiautomator.Launcher.main(Launcher.java:83)

	at com.android.internal.os.RuntimeInit.nativeFinishInit(Native Method)

	at com.android.internal.os.RuntimeInit.main(RuntimeInit.java:243)

	at dalvik.system.NativeStart.main(Native Method)



INSTRUMENTATION_STATUS: id=UiAutomatorTestRunner

INSTRUMENTATION_STATUS: test=testlogin

INSTRUMENTATION_STATUS: class=com.nengliketang.test.login

INSTRUMENTATION_STATUS: stack=junit.framework.AssertionFailedError

	at com.nengliketang.test.login.testlogin(login.java:70)

	at java.lang.reflect.Method.invokeNative(Native Method)

	at com.android.uiautomator.testrunner.UiAutomatorTestRunner.start(UiAutomatorTestRunner.java:160)

	at com.android.uiautomator.testrunner.UiAutomatorTestRunner.run(UiAutomatorTestRunner.java:96)

	at com.android.commands.uiautomator.RunTestCommand.run(RunTestCommand.java:91)

	at com.android.commands.uiautomator.Launcher.main(Launcher.java:83)

	at com.android.internal.os.RuntimeInit.nativeFinishInit(Native Method)

	at com.android.internal.os.RuntimeInit.main(RuntimeInit.java:243)

	at dalvik.system.NativeStart.main(Native Method)



INSTRUMENTATION_STATUS: current=1

INSTRUMENTATION_STATUS_CODE: -2

INSTRUMENTATION_STATUS: stream=

Test results for WatcherResultPrinter=.F

Time: 34.196



FAILURES!!!

Tests run: 1,  Failures: 1,  Errors: 0





INSTRUMENTATION_STATUS_CODE: -1

Updated file C:\Users\Workspace\nengliketang\build.xml
Buildfile: C:\Users\Workspace\nengliketang\build.xml

-check-env:
 [checkenv] Android SDK Tools Revision 22.0.5
 [checkenv] Installed at D:\robotium\robotiumadt\sdk

-build-setup:
[getbuildtools] Using latest Build Tools: 18.0.1
     [echo] Resolving Build Target for test...
[getuitarget] Project Target:   Android 4.4W
[getuitarget] API level:        20
     [echo] ----------
     [echo] Creating output directories if needed...

-pre-compile:

compile:
    [javac] Compiling 2 source files to C:\Users\Workspace\nengliketang\bin\classes
    [javac] 锟斤拷锟斤拷: [options] 源值1.5锟窖癸拷时, 锟斤拷锟斤拷未锟斤拷锟斤拷锟叫凤拷锟叫帮拷锟斤拷删锟斤拷
    [javac] 锟斤拷锟斤拷: [options] 目锟斤拷值1.5锟窖癸拷时, 锟斤拷锟斤拷未锟斤拷锟斤拷锟叫凤拷锟叫帮拷锟斤拷删锟斤拷
    [javac] 锟斤拷锟斤拷: [options] 要锟斤拷锟斤拷锟叫癸拷锟窖癸拷时选锟斤拷木锟斤拷锟, 锟斤拷使锟斤拷 -Xlint:-options锟斤拷
    [javac] 3 锟斤拷锟斤拷锟斤拷

-post-compile:

-dex:
      [dex] input: C:\Users\Workspace\nengliketang\bin\classes
      [dex] Found Deleted Target File
      [dex] Converting compiled files and external libraries into C:\Users\Workspace\nengliketang\bin\classes.dex...

-post-dex:

-jar:
      [jar] Building jar: C:\Users\Workspace\nengliketang\bin\test.jar

-post-jar:

build:

BUILD SUCCESSFUL
Total time: 2 seconds
160 KB/s (6579 bytes in 0.040s)
INSTRUMENTATION_STATUS: numtests=1

INSTRUMENTATION_STATUS: stream=

com.nengliketang.test.login:

INSTRUMENTATION_STATUS: id=UiAutomatorTestRunner

INSTRUMENTATION_STATUS: test=testlogin

INSTRUMENTATION_STATUS: class=com.nengliketang.test.login

INSTRUMENTATION_STATUS: current=1

INSTRUMENTATION_STATUS_CODE: 1

INSTRUMENTATION_STATUS: numtests=1

INSTRUMENTATION_STATUS: stream=.

INSTRUMENTATION_STATUS: id=UiAutomatorTestRunner

INSTRUMENTATION_STATUS: test=testlogin

INSTRUMENTATION_STATUS: class=com.nengliketang.test.login

INSTRUMENTATION_STATUS: current=1

INSTRUMENTATION_STATUS_CODE: 0

INSTRUMENTATION_STATUS: stream=

Test results for WatcherResultPrinter=.

Time: 36.43



OK (1 test)





INSTRUMENTATION_STATUS_CODE: -1

Updated file C:\Users\Workspace\nengliketang\build.xml
Buildfile: C:\Users\Workspace\nengliketang\build.xml

-check-env:
 [checkenv] Android SDK Tools Revision 22.0.5
 [checkenv] Installed at D:\robotium\robotiumadt\sdk

-build-setup:
[getbuildtools] Using latest Build Tools: 18.0.1
     [echo] Resolving Build Target for test...
[getuitarget] Project Target:   Android 4.4W
[getuitarget] API level:        20
     [echo] ----------
     [echo] Creating output directories if needed...

-pre-compile:

compile:

-post-compile:

-dex:
      [dex] input: C:\Users\Workspace\nengliketang\bin\classes
      [dex] Found Deleted Target File
      [dex] Converting compiled files and external libraries into C:\Users\Workspace\nengliketang\bin\classes.dex...

-post-dex:

-jar:
      [jar] Building jar: C:\Users\Workspace\nengliketang\bin\test.jar

-post-jar:

build:

BUILD SUCCESSFUL
Total time: 1 second
142 KB/s (6579 bytes in 0.045s)
INSTRUMENTATION_STATUS: numtests=1

INSTRUMENTATION_STATUS: stream=

com.nengliketang.test.login:

INSTRUMENTATION_STATUS: id=UiAutomatorTestRunner

INSTRUMENTATION_STATUS: test=testlogin

INSTRUMENTATION_STATUS: class=com.nengliketang.test.login

INSTRUMENTATION_STATUS: current=1

INSTRUMENTATION_STATUS_CODE: 1

INSTRUMENTATION_STATUS: numtests=1

INSTRUMENTATION_STATUS: stream=.

INSTRUMENTATION_STATUS: id=UiAutomatorTestRunner

INSTRUMENTATION_STATUS: test=testlogin

INSTRUMENTATION_STATUS: class=com.nengliketang.test.login

INSTRUMENTATION_STATUS: current=1

INSTRUMENTATION_STATUS_CODE: 0

INSTRUMENTATION_STATUS: stream=

Test results for WatcherResultPrinter=.

Time: 38.089



OK (1 test)





INSTRUMENTATION_STATUS_CODE: -1

Updated file C:\Users\Workspace\nengliketang\build.xml
Buildfile: C:\Users\Workspace\nengliketang\build.xml

-check-env:
 [checkenv] Android SDK Tools Revision 22.0.5
 [checkenv] Installed at D:\robotium\robotiumadt\sdk

-build-setup:
[getbuildtools] Using latest Build Tools: 18.0.1
     [echo] Resolving Build Target for test...
[getuitarget] Project Target:   Android 4.4W
[getuitarget] API level:        20
     [echo] ----------
     [echo] Creating output directories if needed...

-pre-compile:

compile:

-post-compile:

-dex:
      [dex] input: C:\Users\Workspace\nengliketang\bin\classes
      [dex] Found Deleted Target File
      [dex] Converting compiled files and external libraries into C:\Users\Workspace\nengliketang\bin\classes.dex...

-post-dex:

-jar:
      [jar] Building jar: C:\Users\Workspace\nengliketang\bin\test.jar

-post-jar:

build:

BUILD SUCCESSFUL
Total time: 1 second
142 KB/s (6579 bytes in 0.045s)
INSTRUMENTATION_STATUS: numtests=1

INSTRUMENTATION_STATUS: stream=

com.nengliketang.test.login:

INSTRUMENTATION_STATUS: id=UiAutomatorTestRunner

INSTRUMENTATION_STATUS: test=testlogin

INSTRUMENTATION_STATUS: class=com.nengliketang.test.login

INSTRUMENTATION_STATUS: current=1

INSTRUMENTATION_STATUS_CODE: 1

INSTRUMENTATION_STATUS: numtests=1

INSTRUMENTATION_STATUS: stream=.

INSTRUMENTATION_STATUS: id=UiAutomatorTestRunner

INSTRUMENTATION_STATUS: test=testlogin

INSTRUMENTATION_STATUS: class=com.nengliketang.test.login

INSTRUMENTATION_STATUS: current=1

INSTRUMENTATION_STATUS_CODE: 0

INSTRUMENTATION_STATUS: stream=

Test results for WatcherResultPrinter=.

Time: 39.991



OK (1 test)





INSTRUMENTATION_STATUS_CODE: -1

Updated file C:\Users\Workspace\nengliketang\build.xml
Buildfile: C:\Users\Workspace\nengliketang\build.xml

-check-env:
 [checkenv] Android SDK Tools Revision 22.0.5
 [checkenv] Installed at D:\robotium\robotiumadt\sdk

-build-setup:
[getbuildtools] Using latest Build Tools: 18.0.1
     [echo] Resolving Build Target for test...
[getuitarget] Project Target:   Android 4.4W
[getuitarget] API level:        20
     [echo] ----------
     [echo] Creating output directories if needed...

-pre-compile:

compile:
    [javac] Compiling 3 source files to C:\Users\Workspace\nengliketang\bin\classes
    [javac] 锟斤拷锟斤拷: [options] 源值1.5锟窖癸拷时, 锟斤拷锟斤拷未锟斤拷锟斤拷锟叫凤拷锟叫帮拷锟斤拷删锟斤拷
    [javac] 锟斤拷锟斤拷: [options] 目锟斤拷值1.5锟窖癸拷时, 锟斤拷锟斤拷未锟斤拷锟斤拷锟叫凤拷锟叫帮拷锟斤拷删锟斤拷
    [javac] 锟斤拷锟斤拷: [options] 要锟斤拷锟斤拷锟叫癸拷锟窖癸拷时选锟斤拷木锟斤拷锟, 锟斤拷使锟斤拷 -Xlint:-options锟斤拷
    [javac] 3 锟斤拷锟斤拷锟斤拷

-post-compile:

-dex:
      [dex] input: C:\Users\Workspace\nengliketang\bin\classes
      [dex] Found Deleted Target File
      [dex] Converting compiled files and external libraries into C:\Users\Workspace\nengliketang\bin\classes.dex...

-post-dex:

-jar:
      [jar] Building jar: C:\Users\Workspace\nengliketang\bin\test.jar

-post-jar:

build:

BUILD SUCCESSFUL
Total time: 2 seconds
146 KB/s (6761 bytes in 0.045s)
INSTRUMENTATION_STATUS: numtests=1

INSTRUMENTATION_STATUS: stream=

com.nengliketang.test.login:

INSTRUMENTATION_STATUS: id=UiAutomatorTestRunner

INSTRUMENTATION_STATUS: test=testcollection

INSTRUMENTATION_STATUS: class=com.nengliketang.test.login

INSTRUMENTATION_STATUS: current=1

INSTRUMENTATION_STATUS_CODE: 1

INSTRUMENTATION_STATUS: numtests=1

INSTRUMENTATION_STATUS: stream=.

INSTRUMENTATION_STATUS: id=UiAutomatorTestRunner

INSTRUMENTATION_STATUS: test=testcollection

INSTRUMENTATION_STATUS: class=com.nengliketang.test.login

INSTRUMENTATION_STATUS: current=1

INSTRUMENTATION_STATUS_CODE: 0

INSTRUMENTATION_STATUS: stream=

Test results for WatcherResultPrinter=.

Time: 40.3



OK (1 test)





INSTRUMENTATION_STATUS_CODE: -1

Updated file C:\Users\Workspace\nengliketang\build.xml
Buildfile: C:\Users\Workspace\nengliketang\build.xml

-check-env:
 [checkenv] Android SDK Tools Revision 22.0.5
 [checkenv] Installed at D:\robotium\robotiumadt\sdk

-build-setup:
[getbuildtools] Using latest Build Tools: 18.0.1
     [echo] Resolving Build Target for test...
[getuitarget] Project Target:   Android 4.4W
[getuitarget] API level:        20
     [echo] ----------
     [echo] Creating output directories if needed...

-pre-compile:

compile:
    [javac] Compiling 3 source files to C:\Users\Workspace\nengliketang\bin\classes
    [javac] 锟斤拷锟斤拷: [options] 源值1.5锟窖癸拷时, 锟斤拷锟斤拷未锟斤拷锟斤拷锟叫凤拷锟叫帮拷锟斤拷删锟斤拷
    [javac] 锟斤拷锟斤拷: [options] 目锟斤拷值1.5锟窖癸拷时, 锟斤拷锟斤拷未锟斤拷锟斤拷锟叫凤拷锟叫帮拷锟斤拷删锟斤拷
    [javac] 锟斤拷锟斤拷: [options] 要锟斤拷锟斤拷锟叫癸拷锟窖癸拷时选锟斤拷木锟斤拷锟, 锟斤拷使锟斤拷 -Xlint:-options锟斤拷
    [javac] 3 锟斤拷锟斤拷锟斤拷

-post-compile:

-dex:
      [dex] input: C:\Users\Workspace\nengliketang\bin\classes
      [dex] Found Deleted Target File
      [dex] Converting compiled files and external libraries into C:\Users\Workspace\nengliketang\bin\classes.dex...

-post-dex:

-jar:
      [jar] Building jar: C:\Users\Workspace\nengliketang\bin\test.jar

-post-jar:

build:

BUILD SUCCESSFUL
Total time: 2 seconds
171 KB/s (7541 bytes in 0.043s)
INSTRUMENTATION_STATUS: numtests=1

INSTRUMENTATION_STATUS: stream=

com.nengliketang.test.login:

INSTRUMENTATION_STATUS: id=UiAutomatorTestRunner

INSTRUMENTATION_STATUS: test=testcollection

INSTRUMENTATION_STATUS: class=com.nengliketang.test.login

INSTRUMENTATION_STATUS: current=1

INSTRUMENTATION_STATUS_CODE: 1

com.android.uiautomator.core.UiObjectNotFoundException: UiSelector[TEXT=]

	at com.android.uiautomator.core.UiObject.click(UiObject.java:392)

	at com.nengliketang.test.login.testcollection(login.java:142)

	at java.lang.reflect.Method.invokeNative(Native Method)

	at java.lang.reflect.Method.invoke(Method.java:515)

	at junit.framework.TestCase.runTest(TestCase.java:168)

	at junit.framework.TestCase.runBare(TestCase.java:134)

	at junit.framework.TestResult$1.protect(TestResult.java:115)

	at junit.framework.TestResult.runProtected(TestResult.java:133)

	at junit.framework.TestResult.run(TestResult.java:118)

	at junit.framework.TestCase.run(TestCase.java:124)

	at com.android.uiautomator.testrunner.UiAutomatorTestRunner.start(UiAutomatorTestRunner.java:160)

	at com.android.uiautomator.testrunner.UiAutomatorTestRunner.run(UiAutomatorTestRunner.java:96)

	at com.android.commands.uiautomator.RunTestCommand.run(RunTestCommand.java:91)

	at com.android.commands.uiautomator.Launcher.main(Launcher.java:83)

	at com.android.internal.os.RuntimeInit.nativeFinishInit(Native Method)

	at com.android.internal.os.RuntimeInit.main(RuntimeInit.java:243)

	at dalvik.system.NativeStart.main(Native Method)

INSTRUMENTATION_STATUS: numtests=1

INSTRUMENTATION_STATUS: stream=

Failure in testcollection:

junit.framework.AssertionFailedError

	at com.nengliketang.test.login.testcollection(login.java:148)

	at java.lang.reflect.Method.invokeNative(Native Method)

	at com.android.uiautomator.testrunner.UiAutomatorTestRunner.start(UiAutomatorTestRunner.java:160)

	at com.android.uiautomator.testrunner.UiAutomatorTestRunner.run(UiAutomatorTestRunner.java:96)

	at com.android.commands.uiautomator.RunTestCommand.run(RunTestCommand.java:91)

	at com.android.commands.uiautomator.Launcher.main(Launcher.java:83)

	at com.android.internal.os.RuntimeInit.nativeFinishInit(Native Method)

	at com.android.internal.os.RuntimeInit.main(RuntimeInit.java:243)

	at dalvik.system.NativeStart.main(Native Method)



INSTRUMENTATION_STATUS: id=UiAutomatorTestRunner

INSTRUMENTATION_STATUS: test=testcollection

INSTRUMENTATION_STATUS: class=com.nengliketang.test.login

INSTRUMENTATION_STATUS: stack=junit.framework.AssertionFailedError

	at com.nengliketang.test.login.testcollection(login.java:148)

	at java.lang.reflect.Method.invokeNative(Native Method)

	at com.android.uiautomator.testrunner.UiAutomatorTestRunner.start(UiAutomatorTestRunner.java:160)

	at com.android.uiautomator.testrunner.UiAutomatorTestRunner.run(UiAutomatorTestRunner.java:96)

	at com.android.commands.uiautomator.RunTestCommand.run(RunTestCommand.java:91)

	at com.android.commands.uiautomator.Launcher.main(Launcher.java:83)

	at com.android.internal.os.RuntimeInit.nativeFinishInit(Native Method)

	at com.android.internal.os.RuntimeInit.main(RuntimeInit.java:243)

	at dalvik.system.NativeStart.main(Native Method)



INSTRUMENTATION_STATUS: current=1

INSTRUMENTATION_STATUS_CODE: -2

INSTRUMENTATION_STATUS: stream=

Test results for WatcherResultPrinter=.F

Time: 78.443



FAILURES!!!

Tests run: 1,  Failures: 1,  Errors: 0





INSTRUMENTATION_STATUS_CODE: -1

Updated file C:\Users\Workspace\nengliketang\build.xml
Buildfile: C:\Users\Workspace\nengliketang\build.xml

-check-env:
 [checkenv] Android SDK Tools Revision 22.0.5
 [checkenv] Installed at D:\robotium\robotiumadt\sdk

-build-setup:
[getbuildtools] Using latest Build Tools: 18.0.1
     [echo] Resolving Build Target for test...
[getuitarget] Project Target:   Android 4.4W
[getuitarget] API level:        20
     [echo] ----------
     [echo] Creating output directories if needed...

-pre-compile:

compile:
    [javac] Compiling 1 source file to C:\Users\Workspace\nengliketang\bin\classes
    [javac] 锟斤拷锟斤拷: [options] 源值1.5锟窖癸拷时, 锟斤拷锟斤拷未锟斤拷锟斤拷锟叫凤拷锟叫帮拷锟斤拷删锟斤拷
    [javac] 锟斤拷锟斤拷: [options] 目锟斤拷值1.5锟窖癸拷时, 锟斤拷锟斤拷未锟斤拷锟斤拷锟叫凤拷锟叫帮拷锟斤拷删锟斤拷
    [javac] 锟斤拷锟斤拷: [options] 要锟斤拷锟斤拷锟叫癸拷锟窖癸拷时选锟斤拷木锟斤拷锟, 锟斤拷使锟斤拷 -Xlint:-options锟斤拷
    [javac] 3 锟斤拷锟斤拷锟斤拷

-post-compile:

-dex:
      [dex] input: C:\Users\Workspace\nengliketang\bin\classes
      [dex] Found Deleted Target File
      [dex] Converting compiled files and external libraries into C:\Users\Workspace\nengliketang\bin\classes.dex...

-post-dex:

-jar:
      [jar] Building jar: C:\Users\Workspace\nengliketang\bin\test.jar

-post-jar:

build:

BUILD SUCCESSFUL
Total time: 2 seconds
156 KB/s (7545 bytes in 0.047s)
INSTRUMENTATION_STATUS: numtests=1

INSTRUMENTATION_STATUS: stream=

com.nengliketang.test.login:

INSTRUMENTATION_STATUS: id=UiAutomatorTestRunner

INSTRUMENTATION_STATUS: test=testcollection

INSTRUMENTATION_STATUS: class=com.nengliketang.test.login

INSTRUMENTATION_STATUS: current=1

INSTRUMENTATION_STATUS_CODE: 1

com.android.uiautomator.core.UiObjectNotFoundException: UiSelector[TEXT=]

	at com.android.uiautomator.core.UiObject.click(UiObject.java:392)

	at com.nengliketang.test.login.testcollection(login.java:143)

	at java.lang.reflect.Method.invokeNative(Native Method)

	at java.lang.reflect.Method.invoke(Method.java:515)

	at junit.framework.TestCase.runTest(TestCase.java:168)

	at junit.framework.TestCase.runBare(TestCase.java:134)

	at junit.framework.TestResult$1.protect(TestResult.java:115)

	at junit.framework.TestResult.runProtected(TestResult.java:133)

	at junit.framework.TestResult.run(TestResult.java:118)

	at junit.framework.TestCase.run(TestCase.java:124)

	at com.android.uiautomator.testrunner.UiAutomatorTestRunner.start(UiAutomatorTestRunner.java:160)

	at com.android.uiautomator.testrunner.UiAutomatorTestRunner.run(UiAutomatorTestRunner.java:96)

	at com.android.commands.uiautomator.RunTestCommand.run(RunTestCommand.java:91)

	at com.android.commands.uiautomator.Launcher.main(Launcher.java:83)

	at com.android.internal.os.RuntimeInit.nativeFinishInit(Native Method)

	at com.android.internal.os.RuntimeInit.main(RuntimeInit.java:243)

	at dalvik.system.NativeStart.main(Native Method)

INSTRUMENTATION_STATUS: numtests=1

INSTRUMENTATION_STATUS: stream=

Failure in testcollection:

junit.framework.AssertionFailedError

	at com.nengliketang.test.login.testcollection(login.java:152)

	at java.lang.reflect.Method.invokeNative(Native Method)

	at com.android.uiautomator.testrunner.UiAutomatorTestRunner.start(UiAutomatorTestRunner.java:160)

	at com.android.uiautomator.testrunner.UiAutomatorTestRunner.run(UiAutomatorTestRunner.java:96)

	at com.android.commands.uiautomator.RunTestCommand.run(RunTestCommand.java:91)

	at com.android.commands.uiautomator.Launcher.main(Launcher.java:83)

	at com.android.internal.os.RuntimeInit.nativeFinishInit(Native Method)

	at com.android.internal.os.RuntimeInit.main(RuntimeInit.java:243)

	at dalvik.system.NativeStart.main(Native Method)



INSTRUMENTATION_STATUS: id=UiAutomatorTestRunner

INSTRUMENTATION_STATUS: test=testcollection

INSTRUMENTATION_STATUS: class=com.nengliketang.test.login

INSTRUMENTATION_STATUS: stack=junit.framework.AssertionFailedError

	at com.nengliketang.test.login.testcollection(login.java:152)

	at java.lang.reflect.Method.invokeNative(Native Method)

	at com.android.uiautomator.testrunner.UiAutomatorTestRunner.start(UiAutomatorTestRunner.java:160)

	at com.android.uiautomator.testrunner.UiAutomatorTestRunner.run(UiAutomatorTestRunner.java:96)

	at com.android.commands.uiautomator.RunTestCommand.run(RunTestCommand.java:91)

	at com.android.commands.uiautomator.Launcher.main(Launcher.java:83)

	at com.android.internal.os.RuntimeInit.nativeFinishInit(Native Method)

	at com.android.internal.os.RuntimeInit.main(RuntimeInit.java:243)

	at dalvik.system.NativeStart.main(Native Method)



INSTRUMENTATION_STATUS: current=1

INSTRUMENTATION_STATUS_CODE: -2

INSTRUMENTATION_STATUS: stream=

Test results for WatcherResultPrinter=.F

Time: 82.789



FAILURES!!!

Tests run: 1,  Failures: 1,  Errors: 0





INSTRUMENTATION_STATUS_CODE: -1

Updated file C:\Users\Workspace\nengliketang\build.xml
Buildfile: C:\Users\Workspace\nengliketang\build.xml

-check-env:
 [checkenv] Android SDK Tools Revision 22.0.5
 [checkenv] Installed at D:\robotium\robotiumadt\sdk

-build-setup:
[getbuildtools] Using latest Build Tools: 18.0.1
     [echo] Resolving Build Target for test...
[getuitarget] Project Target:   Android 4.4W
[getuitarget] API level:        20
     [echo] ----------
     [echo] Creating output directories if needed...

-pre-compile:

compile:
    [javac] Compiling 1 source file to C:\Users\Workspace\nengliketang\bin\classes
    [javac] 锟斤拷锟斤拷: [options] 源值1.5锟窖癸拷时, 锟斤拷锟斤拷未锟斤拷锟斤拷锟叫凤拷锟叫帮拷锟斤拷删锟斤拷
    [javac] 锟斤拷锟斤拷: [options] 目锟斤拷值1.5锟窖癸拷时, 锟斤拷锟斤拷未锟斤拷锟斤拷锟叫凤拷锟叫帮拷锟斤拷删锟斤拷
    [javac] 锟斤拷锟斤拷: [options] 要锟斤拷锟斤拷锟叫癸拷锟窖癸拷时选锟斤拷木锟斤拷锟, 锟斤拷使锟斤拷 -Xlint:-options锟斤拷
    [javac] 3 锟斤拷锟斤拷锟斤拷

-post-compile:

-dex:
      [dex] input: C:\Users\Workspace\nengliketang\bin\classes
      [dex] Found Deleted Target File
      [dex] Converting compiled files and external libraries into C:\Users\Workspace\nengliketang\bin\classes.dex...

-post-dex:

-jar:
      [jar] Building jar: C:\Users\Workspace\nengliketang\bin\test.jar

-post-jar:

build:

BUILD SUCCESSFUL
Total time: 2 seconds
171 KB/s (7545 bytes in 0.043s)
INSTRUMENTATION_STATUS: numtests=1

INSTRUMENTATION_STATUS: stream=

com.nengliketang.test.login:

INSTRUMENTATION_STATUS: id=UiAutomatorTestRunner

INSTRUMENTATION_STATUS: test=testcollection

INSTRUMENTATION_STATUS: class=com.nengliketang.test.login

INSTRUMENTATION_STATUS: current=1

INSTRUMENTATION_STATUS_CODE: 1

INSTRUMENTATION_STATUS: numtests=1

INSTRUMENTATION_STATUS: stream=.

INSTRUMENTATION_STATUS: id=UiAutomatorTestRunner

INSTRUMENTATION_STATUS: test=testcollection

INSTRUMENTATION_STATUS: class=com.nengliketang.test.login

INSTRUMENTATION_STATUS: current=1

INSTRUMENTATION_STATUS_CODE: 0

INSTRUMENTATION_STATUS: stream=

Test results for WatcherResultPrinter=.

Time: 82.727



OK (1 test)





INSTRUMENTATION_STATUS_CODE: -1

Updated file C:\Users\Workspace\nengliketang\build.xml
Buildfile: C:\Users\Workspace\nengliketang\build.xml

-check-env:
 [checkenv] Android SDK Tools Revision 22.0.5
 [checkenv] Installed at D:\robotium\robotiumadt\sdk

-build-setup:
[getbuildtools] Using latest Build Tools: 18.0.1
     [echo] Resolving Build Target for test...
[getuitarget] Project Target:   Android 4.4W
[getuitarget] API level:        20
     [echo] ----------
     [echo] Creating output directories if needed...

-pre-compile:

compile:
    [javac] Compiling 1 source file to C:\Users\Workspace\nengliketang\bin\classes
    [javac] 锟斤拷锟斤拷: [options] 源值1.5锟窖癸拷时, 锟斤拷锟斤拷未锟斤拷锟斤拷锟叫凤拷锟叫帮拷锟斤拷删锟斤拷
    [javac] 锟斤拷锟斤拷: [options] 目锟斤拷值1.5锟窖癸拷时, 锟斤拷锟斤拷未锟斤拷锟斤拷锟叫凤拷锟叫帮拷锟斤拷删锟斤拷
    [javac] 锟斤拷锟斤拷: [options] 要锟斤拷锟斤拷锟叫癸拷锟窖癸拷时选锟斤拷木锟斤拷锟, 锟斤拷使锟斤拷 -Xlint:-options锟斤拷
    [javac] 3 锟斤拷锟斤拷锟斤拷

-post-compile:

-dex:
      [dex] input: C:\Users\Workspace\nengliketang\bin\classes
      [dex] Found Deleted Target File
      [dex] Converting compiled files and external libraries into C:\Users\Workspace\nengliketang\bin\classes.dex...

-post-dex:

-jar:
      [jar] Building jar: C:\Users\Workspace\nengliketang\bin\test.jar

-post-jar:

build:

BUILD SUCCESSFUL
Total time: 2 seconds
164 KB/s (7561 bytes in 0.045s)
INSTRUMENTATION_STATUS: numtests=1

INSTRUMENTATION_STATUS: stream=

com.nengliketang.test.login:

INSTRUMENTATION_STATUS: id=UiAutomatorTestRunner

INSTRUMENTATION_STATUS: test=testcollection

INSTRUMENTATION_STATUS: class=com.nengliketang.test.login

INSTRUMENTATION_STATUS: current=1

INSTRUMENTATION_STATUS_CODE: 1

INSTRUMENTATION_STATUS: numtests=1

INSTRUMENTATION_STATUS: stream=.

INSTRUMENTATION_STATUS: id=UiAutomatorTestRunner

INSTRUMENTATION_STATUS: test=testcollection

INSTRUMENTATION_STATUS: class=com.nengliketang.test.login

INSTRUMENTATION_STATUS: current=1

INSTRUMENTATION_STATUS_CODE: 0

INSTRUMENTATION_STATUS: stream=

Test results for WatcherResultPrinter=.

Time: 80.843



OK (1 test)





INSTRUMENTATION_STATUS_CODE: -1

Updated file C:\Users\Workspace\nengliketang\build.xml
Buildfile: C:\Users\Workspace\nengliketang\build.xml

-check-env:
 [checkenv] Android SDK Tools Revision 22.0.5
 [checkenv] Installed at D:\robotium\robotiumadt\sdk

-build-setup:
[getbuildtools] Using latest Build Tools: 18.0.1
     [echo] Resolving Build Target for test...
[getuitarget] Project Target:   Android 4.4W
[getuitarget] API level:        20
     [echo] ----------
     [echo] Creating output directories if needed...

-pre-compile:

compile:
    [javac] Compiling 2 source files to C:\Users\Workspace\nengliketang\bin\classes
    [javac] 锟斤拷锟斤拷: [options] 源值1.5锟窖癸拷时, 锟斤拷锟斤拷未锟斤拷锟斤拷锟叫凤拷锟叫帮拷锟斤拷删锟斤拷
    [javac] 锟斤拷锟斤拷: [options] 目锟斤拷值1.5锟窖癸拷时, 锟斤拷锟斤拷未锟斤拷锟斤拷锟叫凤拷锟叫帮拷锟斤拷删锟斤拷
    [javac] 锟斤拷锟斤拷: [options] 要锟斤拷锟斤拷锟叫癸拷锟窖癸拷时选锟斤拷木锟斤拷锟, 锟斤拷使锟斤拷 -Xlint:-options锟斤拷
    [javac] 3 锟斤拷锟斤拷锟斤拷

-post-compile:

-dex:
      [dex] input: C:\Users\Workspace\nengliketang\bin\classes
      [dex] Found Deleted Target File
      [dex] Converting compiled files and external libraries into C:\Users\Workspace\nengliketang\bin\classes.dex...

-post-dex:

-jar:
      [jar] Building jar: C:\Users\Workspace\nengliketang\bin\test.jar

-post-jar:

build:

BUILD SUCCESSFUL
Total time: 2 seconds
error: device not found
error: device not found
Updated file C:\Users\Workspace\nengliketang\build.xml
Buildfile: C:\Users\Workspace\nengliketang\build.xml

-check-env:
 [checkenv] Android SDK Tools Revision 22.0.5
 [checkenv] Installed at D:\robotium\robotiumadt\sdk

-build-setup:
[getbuildtools] Using latest Build Tools: 18.0.1
     [echo] Resolving Build Target for test...
[getuitarget] Project Target:   Android 4.4W
[getuitarget] API level:        20
     [echo] ----------
     [echo] Creating output directories if needed...

-pre-compile:

compile:
    [javac] Compiling 1 source file to C:\Users\Workspace\nengliketang\bin\classes
    [javac] 锟斤拷锟斤拷: [options] 源值1.5锟窖癸拷时, 锟斤拷锟斤拷未锟斤拷锟斤拷锟叫凤拷锟叫帮拷锟斤拷删锟斤拷
    [javac] 锟斤拷锟斤拷: [options] 目锟斤拷值1.5锟窖癸拷时, 锟斤拷锟斤拷未锟斤拷锟斤拷锟叫凤拷锟叫帮拷锟斤拷删锟斤拷
    [javac] 锟斤拷锟斤拷: [options] 要锟斤拷锟斤拷锟叫癸拷锟窖癸拷时选锟斤拷木锟斤拷锟, 锟斤拷使锟斤拷 -Xlint:-options锟斤拷
    [javac] 3 锟斤拷锟斤拷锟斤拷

-post-compile:

-dex:
      [dex] input: C:\Users\Workspace\nengliketang\bin\classes
      [dex] Found Deleted Target File
      [dex] Converting compiled files and external libraries into C:\Users\Workspace\nengliketang\bin\classes.dex...

-post-dex:

-jar:
      [jar] Building jar: C:\Users\Workspace\nengliketang\bin\test.jar

-post-jar:

build:

BUILD SUCCESSFUL
Total time: 2 seconds
error: device not found
error: device not found
Updated file C:\Users\Workspace\nengliketang\build.xml
Buildfile: C:\Users\Workspace\nengliketang\build.xml

-check-env:
 [checkenv] Android SDK Tools Revision 22.0.5
 [checkenv] Installed at D:\robotium\robotiumadt\sdk

-build-setup:
[getbuildtools] Using latest Build Tools: 18.0.1
     [echo] Resolving Build Target for test...
[getuitarget] Project Target:   Android 4.4W
[getuitarget] API level:        20
     [echo] ----------
     [echo] Creating output directories if needed...

-pre-compile:

compile:

-post-compile:

-dex:
      [dex] input: C:\Users\Workspace\nengliketang\bin\classes
      [dex] Found Deleted Target File
      [dex] Converting compiled files and external libraries into C:\Users\Workspace\nengliketang\bin\classes.dex...

-post-dex:

-jar:
      [jar] Building jar: C:\Users\Workspace\nengliketang\bin\test.jar

-post-jar:

build:

BUILD SUCCESSFUL
Total time: 1 second
145 KB/s (7744 bytes in 0.052s)
INSTRUMENTATION_STATUS: numtests=1

INSTRUMENTATION_STATUS: stream=

com.nengliketang.test.login:

INSTRUMENTATION_STATUS: id=UiAutomatorTestRunner

INSTRUMENTATION_STATUS: test=nologinCollection

INSTRUMENTATION_STATUS: class=com.nengliketang.test.login

INSTRUMENTATION_STATUS: current=1

INSTRUMENTATION_STATUS_CODE: 1

INSTRUMENTATION_STATUS: numtests=1

INSTRUMENTATION_STATUS: stream=.

INSTRUMENTATION_STATUS: id=UiAutomatorTestRunner

INSTRUMENTATION_STATUS: test=nologinCollection

INSTRUMENTATION_STATUS: class=com.nengliketang.test.login

INSTRUMENTATION_STATUS: current=1

INSTRUMENTATION_STATUS_CODE: 0

INSTRUMENTATION_STATUS: stream=

Test results for WatcherResultPrinter=.

Time: 55.708



OK (1 test)





INSTRUMENTATION_STATUS_CODE: -1

Updated file C:\Users\Workspace\nengliketang\build.xml
Buildfile: C:\Users\Workspace\nengliketang\build.xml

-check-env:
 [checkenv] Android SDK Tools Revision 22.0.5
 [checkenv] Installed at D:\robotium\robotiumadt\sdk

-build-setup:
[getbuildtools] Using latest Build Tools: 18.0.1
     [echo] Resolving Build Target for test...
[getuitarget] Project Target:   Android 4.4W
[getuitarget] API level:        20
     [echo] ----------
     [echo] Creating output directories if needed...

-pre-compile:

compile:
    [javac] Compiling 1 source file to C:\Users\Workspace\nengliketang\bin\classes
    [javac] 锟斤拷锟斤拷: [options] 源值1.5锟窖癸拷时, 锟斤拷锟斤拷未锟斤拷锟斤拷锟叫凤拷锟叫帮拷锟斤拷删锟斤拷
    [javac] 锟斤拷锟斤拷: [options] 目锟斤拷值1.5锟窖癸拷时, 锟斤拷锟斤拷未锟斤拷锟斤拷锟叫凤拷锟叫帮拷锟斤拷删锟斤拷
    [javac] 锟斤拷锟斤拷: [options] 要锟斤拷锟斤拷锟叫癸拷锟窖癸拷时选锟斤拷木锟斤拷锟, 锟斤拷使锟斤拷 -Xlint:-options锟斤拷
    [javac] 3 锟斤拷锟斤拷锟斤拷

-post-compile:

-dex:
      [dex] input: C:\Users\Workspace\nengliketang\bin\classes
      [dex] Found Deleted Target File
      [dex] Converting compiled files and external libraries into C:\Users\Workspace\nengliketang\bin\classes.dex...

-post-dex:

-jar:
      [jar] Building jar: C:\Users\Workspace\nengliketang\bin\test.jar

-post-jar:

build:

BUILD SUCCESSFUL
Total time: 4 seconds
88 KB/s (7744 bytes in 0.085s)
INSTRUMENTATION_STATUS: numtests=1

INSTRUMENTATION_STATUS: stream=

com.nengliketang.test.login:

INSTRUMENTATION_STATUS: id=UiAutomatorTestRunner

INSTRUMENTATION_STATUS: test=nologinCollection

INSTRUMENTATION_STATUS: class=com.nengliketang.test.login

INSTRUMENTATION_STATUS: current=1

INSTRUMENTATION_STATUS_CODE: 1

